2014-09-16 15:04:35.961 - INFO  -  org.entando.entando.aps.system.init.InstallationReportDAO - Report not availablejava.sql.SQLSyntaxErrorException: Schema 'AGILE' does not exist
2014-09-16 15:04:36.177 - INFO  -  org.entando.entando.aps.system.init.util.ApsTableUtils - creating table 'SYSCONFIG'
2014-09-16 15:04:36.285 - INFO  -  org.entando.entando.aps.system.init.util.ApsTableUtils - executed create table statement changed 0 rows: CREATE TABLE  SYSCONFIG  ( VERSION  VARCHAR(10) NOT NULL ,  ITEM  VARCHAR(40) NOT NULL ,  DESCR  VARCHAR(100) NOT NULL ,  CONFIG  LONG VARCHAR NOT NULL ) 
2014-09-16 15:04:36.285 - INFO  -  org.entando.entando.aps.system.init.util.TableFactory - Created table - portDataSource/sysconfig
2014-09-16 15:04:36.487 - INFO  -  org.entando.entando.aps.system.init.util.ApsTableUtils - creating table 'CATEGORIES'
2014-09-16 15:04:36.697 - INFO  -  org.entando.entando.aps.system.init.util.ApsTableUtils - executed create table statement changed 0 rows: CREATE TABLE  CATEGORIES  ( CATCODE  VARCHAR(30) NOT NULL ,  PARENTCODE  VARCHAR(30) NOT NULL ,  TITLES  LONG VARCHAR NOT NULL , PRIMARY KEY ( CATCODE ) ) 
2014-09-16 15:04:36.697 - INFO  -  org.entando.entando.aps.system.init.util.TableFactory - Created table - portDataSource/categories
2014-09-16 15:04:36.698 - INFO  -  org.entando.entando.aps.system.init.util.ApsTableUtils - creating table 'LOCALSTRINGS'
2014-09-16 15:04:36.786 - INFO  -  org.entando.entando.aps.system.init.util.ApsTableUtils - executed create table statement changed 0 rows: CREATE TABLE  LOCALSTRINGS  ( KEYCODE  VARCHAR(50) NOT NULL ,  LANGCODE  VARCHAR(2) NOT NULL ,  STRINGVALUE  LONG VARCHAR NOT NULL ) 
2014-09-16 15:04:36.787 - INFO  -  org.entando.entando.aps.system.init.util.TableFactory - Created table - portDataSource/localstrings
2014-09-16 15:04:36.943 - INFO  -  org.entando.entando.aps.system.init.util.ApsTableUtils - creating table 'PAGEMODELS'
2014-09-16 15:04:37.175 - INFO  -  org.entando.entando.aps.system.init.util.ApsTableUtils - executed create table statement changed 0 rows: CREATE TABLE  PAGEMODELS  ( CODE  VARCHAR(40) NOT NULL ,  DESCR  VARCHAR(50) NOT NULL ,  FRAMES  LONG VARCHAR ,  PLUGINCODE  VARCHAR(30) ,  TEMPLATEGUI  LONG VARCHAR , PRIMARY KEY ( CODE ) ) 
2014-09-16 15:04:37.175 - INFO  -  org.entando.entando.aps.system.init.util.TableFactory - Created table - portDataSource/pagemodels
2014-09-16 15:04:37.179 - INFO  -  org.entando.entando.aps.system.init.util.ApsTableUtils - creating table 'PAGES'
2014-09-16 15:04:37.397 - INFO  -  org.entando.entando.aps.system.init.util.ApsTableUtils - executed create table statement changed 0 rows: CREATE TABLE  PAGES  ( CODE  VARCHAR(30) NOT NULL ,  PARENTCODE  VARCHAR(30) NOT NULL ,  POS  INTEGER NOT NULL ,  MODELCODE  VARCHAR(40) NOT NULL ,  TITLES  LONG VARCHAR NOT NULL ,  GROUPCODE  VARCHAR(30) NOT NULL ,  SHOWINMENU  SMALLINT NOT NULL ,  EXTRACONFIG  LONG VARCHAR , PRIMARY KEY ( CODE ) ) 
2014-09-16 15:04:37.397 - INFO  -  org.entando.entando.aps.system.init.util.TableFactory - Created table - portDataSource/pages
2014-09-16 15:04:37.568 - INFO  -  org.entando.entando.aps.system.init.util.ApsTableUtils - creating table 'WIDGETCATALOG'
2014-09-16 15:04:37.775 - INFO  -  org.entando.entando.aps.system.init.util.ApsTableUtils - executed create table statement changed 0 rows: CREATE TABLE  WIDGETCATALOG  ( CODE  VARCHAR(40) NOT NULL ,  TITLES  LONG VARCHAR NOT NULL ,  PARAMETERS  LONG VARCHAR ,  PLUGINCODE  VARCHAR(30) ,  PARENTTYPECODE  VARCHAR(40) ,  DEFAULTCONFIG  LONG VARCHAR ,  LOCKED  SMALLINT NOT NULL ,  MAINGROUP  VARCHAR(20) , PRIMARY KEY ( CODE ) ) 
2014-09-16 15:04:37.775 - INFO  -  org.entando.entando.aps.system.init.util.TableFactory - Created table - portDataSource/widgetcatalog
2014-09-16 15:04:37.777 - INFO  -  org.entando.entando.aps.system.init.util.ApsTableUtils - creating table 'GUIFRAGMENT'
2014-09-16 15:04:38.030 - INFO  -  org.entando.entando.aps.system.init.util.ApsTableUtils - executed create table statement changed 0 rows: CREATE TABLE  GUIFRAGMENT  ( CODE  VARCHAR(50) NOT NULL ,  WIDGETTYPECODE  VARCHAR(40) ,  PLUGINCODE  VARCHAR(30) ,  GUI  LONG VARCHAR ,  DEFAULTGUI  LONG VARCHAR ,  LOCKED  SMALLINT NOT NULL , PRIMARY KEY ( CODE ) ) 
2014-09-16 15:04:38.031 - INFO  -  org.entando.entando.aps.system.init.util.TableFactory - Created table - portDataSource/guifragment
2014-09-16 15:04:38.188 - INFO  -  org.entando.entando.aps.system.init.util.ApsTableUtils - creating table 'WIDGETCONFIG'
2014-09-16 15:04:38.264 - INFO  -  org.entando.entando.aps.system.init.util.ApsTableUtils - executed create table statement changed 0 rows: CREATE TABLE  WIDGETCONFIG  ( PAGECODE  VARCHAR(30) NOT NULL ,  FRAMEPOS  INTEGER NOT NULL ,  WIDGETCODE  VARCHAR(40) NOT NULL ,  CONFIG  LONG VARCHAR ,  PUBLISHEDCONTENT  VARCHAR(30) ) 
2014-09-16 15:04:38.265 - INFO  -  org.entando.entando.aps.system.init.util.TableFactory - Created table - portDataSource/widgetconfig
2014-09-16 15:04:38.777 - INFO  -  org.entando.entando.aps.system.init.util.ApsTableUtils - creating table 'UNIQUEKEYS'
2014-09-16 15:04:38.986 - INFO  -  org.entando.entando.aps.system.init.util.ApsTableUtils - executed create table statement changed 0 rows: CREATE TABLE  UNIQUEKEYS  ( ID  INTEGER NOT NULL ,  KEYVALUE  INTEGER NOT NULL , PRIMARY KEY ( ID ) ) 
2014-09-16 15:04:38.986 - INFO  -  org.entando.entando.aps.system.init.util.TableFactory - Created table - portDataSource/uniquekeys
2014-09-16 15:04:47.495 - INFO  -  org.entando.entando.aps.system.init.util.ApsTableUtils - creating table 'AUTHGROUPS'
2014-09-16 15:04:47.703 - INFO  -  org.entando.entando.aps.system.init.util.ApsTableUtils - executed create table statement changed 0 rows: CREATE TABLE  AUTHGROUPS  ( GROUPNAME  VARCHAR(20) NOT NULL ,  DESCR  VARCHAR(50) NOT NULL , PRIMARY KEY ( GROUPNAME ) ) 
2014-09-16 15:04:47.703 - INFO  -  org.entando.entando.aps.system.init.util.TableFactory - Created table - servDataSource/authgroups
2014-09-16 15:04:47.704 - INFO  -  org.entando.entando.aps.system.init.util.ApsTableUtils - creating table 'AUTHPERMISSIONS'
2014-09-16 15:04:47.914 - INFO  -  org.entando.entando.aps.system.init.util.ApsTableUtils - executed create table statement changed 0 rows: CREATE TABLE  AUTHPERMISSIONS  ( PERMISSIONNAME  VARCHAR(30) NOT NULL ,  DESCR  VARCHAR(50) NOT NULL , PRIMARY KEY ( PERMISSIONNAME ) ) 
2014-09-16 15:04:47.914 - INFO  -  org.entando.entando.aps.system.init.util.TableFactory - Created table - servDataSource/authpermissions
2014-09-16 15:04:47.916 - INFO  -  org.entando.entando.aps.system.init.util.ApsTableUtils - creating table 'AUTHROLES'
2014-09-16 15:04:48.125 - INFO  -  org.entando.entando.aps.system.init.util.ApsTableUtils - executed create table statement changed 0 rows: CREATE TABLE  AUTHROLES  ( ROLENAME  VARCHAR(20) NOT NULL ,  DESCR  VARCHAR(50) NOT NULL , PRIMARY KEY ( ROLENAME ) ) 
2014-09-16 15:04:48.125 - INFO  -  org.entando.entando.aps.system.init.util.TableFactory - Created table - servDataSource/authroles
2014-09-16 15:04:48.127 - INFO  -  org.entando.entando.aps.system.init.util.ApsTableUtils - creating table 'AUTHROLEPERMISSIONS'
2014-09-16 15:04:48.203 - INFO  -  org.entando.entando.aps.system.init.util.ApsTableUtils - executed create table statement changed 0 rows: CREATE TABLE  AUTHROLEPERMISSIONS  ( ROLENAME  VARCHAR(20) NOT NULL ,  PERMISSIONNAME  VARCHAR(30) NOT NULL ) 
2014-09-16 15:04:48.203 - INFO  -  org.entando.entando.aps.system.init.util.TableFactory - Created table - servDataSource/authrolepermissions
2014-09-16 15:04:48.516 - INFO  -  org.entando.entando.aps.system.init.util.ApsTableUtils - creating table 'AUTHUSERS'
2014-09-16 15:04:48.736 - INFO  -  org.entando.entando.aps.system.init.util.ApsTableUtils - executed create table statement changed 0 rows: CREATE TABLE  AUTHUSERS  ( USERNAME  VARCHAR(40) NOT NULL ,  PASSWD  VARCHAR(40) ,  REGISTRATIONDATE  TIMESTAMP NOT NULL ,  LASTACCESS  TIMESTAMP ,  LASTPASSWORDCHANGE  TIMESTAMP ,  ACTIVE  SMALLINT , PRIMARY KEY ( USERNAME ) ) 
2014-09-16 15:04:48.736 - INFO  -  org.entando.entando.aps.system.init.util.TableFactory - Created table - servDataSource/authusers
2014-09-16 15:04:48.738 - INFO  -  org.entando.entando.aps.system.init.util.ApsTableUtils - creating table 'AUTHUSERGROUPS'
2014-09-16 15:04:48.814 - INFO  -  org.entando.entando.aps.system.init.util.ApsTableUtils - executed create table statement changed 0 rows: CREATE TABLE  AUTHUSERGROUPS  ( USERNAME  VARCHAR(40) NOT NULL ,  GROUPNAME  VARCHAR(20) NOT NULL ) 
2014-09-16 15:04:48.814 - INFO  -  org.entando.entando.aps.system.init.util.TableFactory - Created table - servDataSource/authusergroups
2014-09-16 15:04:48.983 - INFO  -  org.entando.entando.aps.system.init.util.ApsTableUtils - creating table 'AUTHUSERROLES'
2014-09-16 15:04:49.059 - INFO  -  org.entando.entando.aps.system.init.util.ApsTableUtils - executed create table statement changed 0 rows: CREATE TABLE  AUTHUSERROLES  ( USERNAME  VARCHAR(40) NOT NULL ,  ROLENAME  VARCHAR(20) NOT NULL ) 
2014-09-16 15:04:49.059 - INFO  -  org.entando.entando.aps.system.init.util.TableFactory - Created table - servDataSource/authuserroles
2014-09-16 15:04:49.228 - INFO  -  org.entando.entando.aps.system.init.util.ApsTableUtils - creating table 'API_OAUTH_CONSUMERS'
2014-09-16 15:04:49.436 - INFO  -  org.entando.entando.aps.system.init.util.ApsTableUtils - executed create table statement changed 0 rows: CREATE TABLE  API_OAUTH_CONSUMERS  ( CONSUMERKEY  VARCHAR(100) NOT NULL ,  CONSUMERSECRET  VARCHAR(100) NOT NULL ,  DESCRIPTION  LONG VARCHAR NOT NULL ,  CALLBACKURL  LONG VARCHAR ,  EXPIRATIONDATE  TIMESTAMP , PRIMARY KEY ( CONSUMERKEY ) ) 
2014-09-16 15:04:49.436 - INFO  -  org.entando.entando.aps.system.init.util.TableFactory - Created table - servDataSource/api_oauth_consumers
2014-09-16 15:04:49.439 - INFO  -  org.entando.entando.aps.system.init.util.ApsTableUtils - creating table 'API_OAUTH_TOKENS'
2014-09-16 15:04:49.625 - INFO  -  org.entando.entando.aps.system.init.util.ApsTableUtils - executed create table statement changed 0 rows: CREATE TABLE  API_OAUTH_TOKENS  ( ACCESSTOKEN  VARCHAR(100) NOT NULL ,  TOKENSECRET  VARCHAR(100) NOT NULL ,  CONSUMERKEY  VARCHAR(100) NOT NULL ,  LASTACCESS  TIMESTAMP NOT NULL ,  USERNAME  VARCHAR(40) NOT NULL , PRIMARY KEY ( ACCESSTOKEN ) ) 
2014-09-16 15:04:49.625 - INFO  -  org.entando.entando.aps.system.init.util.TableFactory - Created table - servDataSource/api_oauth_tokens
2014-09-16 15:04:49.628 - INFO  -  org.entando.entando.aps.system.init.util.ApsTableUtils - creating table 'APICATALOG_METHODS'
2014-09-16 15:04:49.714 - INFO  -  org.entando.entando.aps.system.init.util.ApsTableUtils - executed create table statement changed 0 rows: CREATE TABLE  APICATALOG_METHODS  ( RESOURCECODE  VARCHAR(100) NOT NULL ,  HTTPMETHOD  VARCHAR(6) NOT NULL ,  ISACTIVE  SMALLINT NOT NULL ,  ISHIDDEN  SMALLINT NOT NULL ,  AUTHENTICATIONREQUIRED  SMALLINT ,  AUTHORIZATIONREQUIRED  VARCHAR(30) ) 
2014-09-16 15:04:49.714 - INFO  -  org.entando.entando.aps.system.init.util.TableFactory - Created table - servDataSource/apicatalog_methods
2014-09-16 15:04:50.087 - INFO  -  org.entando.entando.aps.system.init.util.ApsTableUtils - creating table 'APICATALOG_SERVICES'
2014-09-16 15:04:50.315 - INFO  -  org.entando.entando.aps.system.init.util.ApsTableUtils - executed create table statement changed 0 rows: CREATE TABLE  APICATALOG_SERVICES  ( SERVICEKEY  VARCHAR(100) NOT NULL ,  RESOURCECODE  VARCHAR(100) NOT NULL ,  DESCRIPTION  LONG VARCHAR NOT NULL ,  PARAMETERS  LONG VARCHAR ,  TAG  VARCHAR(100) ,  FREEPARAMETERS  LONG VARCHAR ,  ISACTIVE  SMALLINT NOT NULL ,  ISHIDDEN  SMALLINT NOT NULL ,  MYENTANDO  SMALLINT NOT NULL ,  AUTHENTICATIONREQUIRED  SMALLINT ,  REQUIREDPERMISSION  VARCHAR(30) ,  REQUIREDGROUP  VARCHAR(20) , PRIMARY KEY ( SERVICEKEY ) ) 
2014-09-16 15:04:50.315 - INFO  -  org.entando.entando.aps.system.init.util.TableFactory - Created table - servDataSource/apicatalog_services
2014-09-16 15:04:50.627 - INFO  -  org.entando.entando.aps.system.init.util.ApsTableUtils - creating table 'AUTHUSERPROFILES'
2014-09-16 15:04:50.627 - INFO  -  org.entando.entando.aps.system.init.util.ApsTableUtils - creating index 'AUTHUSERPROFILES_profiletype_idx' for table 'AUTHUSERPROFILES
2014-09-16 15:04:50.826 - INFO  -  org.entando.entando.aps.system.init.util.ApsTableUtils - executed create table statement changed 0 rows: CREATE TABLE  AUTHUSERPROFILES  ( USERNAME  VARCHAR(40) NOT NULL ,  PROFILETYPE  VARCHAR(30) NOT NULL ,  PROFILEXML  LONG VARCHAR NOT NULL ,  PUBLICPROFILE  SMALLINT NOT NULL , PRIMARY KEY ( USERNAME ) ) 
2014-09-16 15:04:50.959 - INFO  -  org.entando.entando.aps.system.init.util.ApsTableUtils - executed create table statement changed 0 rows: CREATE INDEX  AUTHUSERPROFILES_PROFILETYPE_IDX  ON  AUTHUSERPROFILES  (  PROFILETYPE  )
2014-09-16 15:04:50.959 - INFO  -  org.entando.entando.aps.system.init.util.TableFactory - Created table - servDataSource/authuserprofiles
2014-09-16 15:04:50.961 - INFO  -  org.entando.entando.aps.system.init.util.ApsTableUtils - creating table 'AUTHUSERPROFILESEARCH'
2014-09-16 15:04:50.961 - INFO  -  org.entando.entando.aps.system.init.util.ApsTableUtils - creating index 'AUTHUSERPROFILESEARCH_attrname_idx' for table 'AUTHUSERPROFILESEARCH
2014-09-16 15:04:50.961 - INFO  -  org.entando.entando.aps.system.init.util.ApsTableUtils - creating index 'AUTHUSERPROFILESEARCH_username_idx' for table 'AUTHUSERPROFILESEARCH
2014-09-16 15:04:51.037 - INFO  -  org.entando.entando.aps.system.init.util.ApsTableUtils - executed create table statement changed 0 rows: CREATE TABLE  AUTHUSERPROFILESEARCH  ( USERNAME  VARCHAR(40) NOT NULL ,  ATTRNAME  VARCHAR(30) NOT NULL ,  TEXTVALUE  VARCHAR(255) ,  DATEVALUE  TIMESTAMP ,  NUMVALUE  INTEGER ,  LANGCODE  VARCHAR(3) ) 
2014-09-16 15:04:51.170 - INFO  -  org.entando.entando.aps.system.init.util.ApsTableUtils - executed create table statement changed 0 rows: CREATE INDEX  AUTHUSERPROFILESEARCH_ATTRNAME_IDX  ON  AUTHUSERPROFILESEARCH  (  ATTRNAME  )
2014-09-16 15:04:51.303 - INFO  -  org.entando.entando.aps.system.init.util.ApsTableUtils - executed create table statement changed 0 rows: CREATE INDEX  AUTHUSERPROFILESEARCH_USERNAME_IDX  ON  AUTHUSERPROFILESEARCH  (  USERNAME  )
2014-09-16 15:04:51.304 - INFO  -  org.entando.entando.aps.system.init.util.TableFactory - Created table - servDataSource/authuserprofilesearch
2014-09-16 15:04:51.339 - INFO  -  org.entando.entando.aps.system.init.util.ApsTableUtils - creating table 'AUTHUSERPROFILEATTRROLES'
2014-09-16 15:04:51.339 - INFO  -  org.entando.entando.aps.system.init.util.ApsTableUtils - creating index 'AUTHUSERPROFILEATTRROLES_username_idx' for table 'AUTHUSERPROFILEATTRROLES
2014-09-16 15:04:51.339 - INFO  -  org.entando.entando.aps.system.init.util.ApsTableUtils - creating index 'AUTHUSERPROFILEATTRROLES_attrname_idx' for table 'AUTHUSERPROFILEATTRROLES
2014-09-16 15:04:51.339 - INFO  -  org.entando.entando.aps.system.init.util.ApsTableUtils - creating index 'AUTHUSERPROFILEATTRROLES_rolename_idx' for table 'AUTHUSERPROFILEATTRROLES
2014-09-16 15:04:51.426 - INFO  -  org.entando.entando.aps.system.init.util.ApsTableUtils - executed create table statement changed 0 rows: CREATE TABLE  AUTHUSERPROFILEATTRROLES  ( USERNAME  VARCHAR(40) NOT NULL ,  ATTRNAME  VARCHAR(30) NOT NULL ,  ROLENAME  VARCHAR(50) NOT NULL ) 
2014-09-16 15:04:51.570 - INFO  -  org.entando.entando.aps.system.init.util.ApsTableUtils - executed create table statement changed 0 rows: CREATE INDEX  AUTHUSERPROFILEATTRROLES_USERNAME_IDX  ON  AUTHUSERPROFILEATTRROLES  (  USERNAME  )
2014-09-16 15:04:51.726 - INFO  -  org.entando.entando.aps.system.init.util.ApsTableUtils - executed create table statement changed 0 rows: CREATE INDEX  AUTHUSERPROFILEATTRROLES_ATTRNAME_IDX  ON  AUTHUSERPROFILEATTRROLES  (  ATTRNAME  )
2014-09-16 15:04:51.881 - INFO  -  org.entando.entando.aps.system.init.util.ApsTableUtils - executed create table statement changed 0 rows: CREATE INDEX  AUTHUSERPROFILEATTRROLES_ROLENAME_IDX  ON  AUTHUSERPROFILEATTRROLES  (  ROLENAME  )
2014-09-16 15:04:51.882 - INFO  -  org.entando.entando.aps.system.init.util.TableFactory - Created table - servDataSource/authuserprofileattrroles
2014-09-16 15:04:51.906 - INFO  -  org.entando.entando.aps.system.init.util.ApsTableUtils - creating table 'ACTIONLOGRECORDS'
2014-09-16 15:04:52.148 - INFO  -  org.entando.entando.aps.system.init.util.ApsTableUtils - executed create table statement changed 0 rows: CREATE TABLE  ACTIONLOGRECORDS  ( ID  INTEGER NOT NULL ,  USERNAME  VARCHAR(20) ,  ACTIONDATE  TIMESTAMP ,  NAMESPACE  LONG VARCHAR ,  ACTIONNAME  VARCHAR(250) ,  PARAMETERS  LONG VARCHAR ,  ACTIVITYSTREAMINFO  LONG VARCHAR ,  UPDATEDATE  TIMESTAMP , PRIMARY KEY ( ID ) ) 
2014-09-16 15:04:52.148 - INFO  -  org.entando.entando.aps.system.init.util.TableFactory - Created table - servDataSource/actionlogrecords
2014-09-16 15:04:52.150 - INFO  -  org.entando.entando.aps.system.init.util.ApsTableUtils - creating table 'ACTIONLOGRELATIONS'
2014-09-16 15:04:52.150 - INFO  -  org.entando.entando.aps.system.init.util.ApsTableUtils - creating index 'ACTIONLOGRELATIONS_recordid_idx' for table 'ACTIONLOGRELATIONS
2014-09-16 15:04:52.150 - INFO  -  org.entando.entando.aps.system.init.util.ApsTableUtils - creating index 'ACTIONLOGRELATIONS_refgroup_idx' for table 'ACTIONLOGRELATIONS
2014-09-16 15:04:52.226 - INFO  -  org.entando.entando.aps.system.init.util.ApsTableUtils - executed create table statement changed 0 rows: CREATE TABLE  ACTIONLOGRELATIONS  ( RECORDID  INTEGER NOT NULL ,  REFGROUP  VARCHAR(20) ) 
2014-09-16 15:04:52.348 - INFO  -  org.entando.entando.aps.system.init.util.ApsTableUtils - executed create table statement changed 0 rows: CREATE INDEX  ACTIONLOGRELATIONS_RECORDID_IDX  ON  ACTIONLOGRELATIONS  (  RECORDID  )
2014-09-16 15:04:52.482 - INFO  -  org.entando.entando.aps.system.init.util.ApsTableUtils - executed create table statement changed 0 rows: CREATE INDEX  ACTIONLOGRELATIONS_REFGROUP_IDX  ON  ACTIONLOGRELATIONS  (  REFGROUP  )
2014-09-16 15:04:52.482 - INFO  -  org.entando.entando.aps.system.init.util.TableFactory - Created table - servDataSource/actionlogrelations
2014-09-16 15:04:52.506 - INFO  -  org.entando.entando.aps.system.init.util.ApsTableUtils - creating table 'AUTHUSERSHORTCUTS'
2014-09-16 15:04:52.715 - INFO  -  org.entando.entando.aps.system.init.util.ApsTableUtils - executed create table statement changed 0 rows: CREATE TABLE  AUTHUSERSHORTCUTS  ( USERNAME  VARCHAR(40) NOT NULL ,  CONFIG  LONG VARCHAR NOT NULL , PRIMARY KEY ( USERNAME ) ) 
2014-09-16 15:04:52.715 - INFO  -  org.entando.entando.aps.system.init.util.TableFactory - Created table - servDataSource/authusershortcuts
2014-09-16 15:04:52.718 - INFO  -  org.entando.entando.aps.system.init.util.ApsTableUtils - creating table 'ACTIONLOGLIKERECORDS'
2014-09-16 15:04:52.793 - INFO  -  org.entando.entando.aps.system.init.util.ApsTableUtils - executed create table statement changed 0 rows: CREATE TABLE  ACTIONLOGLIKERECORDS  ( RECORDID  INTEGER NOT NULL ,  USERNAME  VARCHAR(20) NOT NULL ,  LIKEDATE  TIMESTAMP NOT NULL ) 
2014-09-16 15:04:52.793 - INFO  -  org.entando.entando.aps.system.init.util.TableFactory - Created table - servDataSource/actionloglikerecords
2014-09-16 15:04:52.951 - INFO  -  org.entando.entando.aps.system.init.util.ApsTableUtils - creating table 'ACTIONLOGCOMMENTRECORDS'
2014-09-16 15:04:53.182 - INFO  -  org.entando.entando.aps.system.init.util.ApsTableUtils - executed create table statement changed 0 rows: CREATE TABLE  ACTIONLOGCOMMENTRECORDS  ( ID  INTEGER NOT NULL ,  RECORDID  INTEGER NOT NULL ,  USERNAME  VARCHAR(20) NOT NULL ,  COMMENT  LONG VARCHAR NOT NULL ,  COMMENTDATE  TIMESTAMP NOT NULL , PRIMARY KEY ( ID ) ) 
2014-09-16 15:04:53.182 - INFO  -  org.entando.entando.aps.system.init.util.TableFactory - Created table - servDataSource/actionlogcommentrecords
2014-09-16 15:04:53.340 - INFO  -  org.entando.entando.aps.system.init.util.ApsTableUtils - creating table 'CONTENTMODELS'
2014-09-16 15:04:53.562 - INFO  -  org.entando.entando.aps.system.init.util.ApsTableUtils - executed create table statement changed 0 rows: CREATE TABLE  CONTENTMODELS  ( MODELID  INTEGER NOT NULL ,  CONTENTTYPE  VARCHAR(30) NOT NULL ,  DESCR  VARCHAR(50) NOT NULL ,  MODEL  LONG VARCHAR ,  STYLESHEET  VARCHAR(50) , PRIMARY KEY ( MODELID ) ) 
2014-09-16 15:04:53.562 - INFO  -  org.entando.entando.aps.system.init.util.TableFactory - Created table - portDataSource/contentmodels
2014-09-16 15:04:53.565 - INFO  -  org.entando.entando.aps.system.init.util.ApsTableUtils - creating table 'CONTENTS'
2014-09-16 15:04:53.565 - INFO  -  org.entando.entando.aps.system.init.util.ApsTableUtils - creating index 'CONTENTS_lastmodified_idx' for table 'CONTENTS
2014-09-16 15:04:53.565 - INFO  -  org.entando.entando.aps.system.init.util.ApsTableUtils - creating index 'CONTENTS_maingroup_idx' for table 'CONTENTS
2014-09-16 15:04:53.565 - INFO  -  org.entando.entando.aps.system.init.util.ApsTableUtils - creating index 'CONTENTS_contenttype_idx' for table 'CONTENTS
2014-09-16 15:04:53.565 - INFO  -  org.entando.entando.aps.system.init.util.ApsTableUtils - creating index 'CONTENTS_status_idx' for table 'CONTENTS
2014-09-16 15:04:53.762 - INFO  -  org.entando.entando.aps.system.init.util.ApsTableUtils - executed create table statement changed 0 rows: CREATE TABLE  CONTENTS  ( CONTENTID  VARCHAR(16) NOT NULL ,  CONTENTTYPE  VARCHAR(30) NOT NULL ,  DESCR  VARCHAR(255) NOT NULL ,  STATUS  VARCHAR(12) NOT NULL ,  WORKXML  LONG VARCHAR NOT NULL ,  CREATED  VARCHAR(20) ,  LASTMODIFIED  VARCHAR(20) ,  ONLINEXML  LONG VARCHAR ,  MAINGROUP  VARCHAR(20) NOT NULL ,  CURRENTVERSION  VARCHAR(7) NOT NULL ,  LASTEDITOR  VARCHAR(40) , PRIMARY KEY ( CONTENTID ) ) 
2014-09-16 15:04:53.917 - INFO  -  org.entando.entando.aps.system.init.util.ApsTableUtils - executed create table statement changed 0 rows: CREATE INDEX  CONTENTS_LASTMODIFIED_IDX  ON  CONTENTS  (  LASTMODIFIED  )
2014-09-16 15:04:54.051 - INFO  -  org.entando.entando.aps.system.init.util.ApsTableUtils - executed create table statement changed 0 rows: CREATE INDEX  CONTENTS_MAINGROUP_IDX  ON  CONTENTS  (  MAINGROUP  )
2014-09-16 15:04:54.184 - INFO  -  org.entando.entando.aps.system.init.util.ApsTableUtils - executed create table statement changed 0 rows: CREATE INDEX  CONTENTS_CONTENTTYPE_IDX  ON  CONTENTS  (  CONTENTTYPE  )
2014-09-16 15:04:54.328 - INFO  -  org.entando.entando.aps.system.init.util.ApsTableUtils - executed create table statement changed 0 rows: CREATE INDEX  CONTENTS_STATUS_IDX  ON  CONTENTS  (  STATUS  )
2014-09-16 15:04:54.328 - INFO  -  org.entando.entando.aps.system.init.util.TableFactory - Created table - portDataSource/contents
2014-09-16 15:04:54.331 - INFO  -  org.entando.entando.aps.system.init.util.ApsTableUtils - creating table 'RESOURCES'
2014-09-16 15:04:54.529 - INFO  -  org.entando.entando.aps.system.init.util.ApsTableUtils - executed create table statement changed 0 rows: CREATE TABLE  RESOURCES  ( RESID  VARCHAR(16) NOT NULL ,  RESTYPE  VARCHAR(30) NOT NULL ,  DESCR  VARCHAR(255) NOT NULL ,  MAINGROUP  VARCHAR(20) NOT NULL ,  RESOURCEXML  LONG VARCHAR NOT NULL ,  MASTERFILENAME  VARCHAR(100) NOT NULL ,  CREATIONDATE  TIMESTAMP ,  LASTMODIFIED  TIMESTAMP , PRIMARY KEY ( RESID ) ) 
2014-09-16 15:04:54.529 - INFO  -  org.entando.entando.aps.system.init.util.TableFactory - Created table - portDataSource/resources
2014-09-16 15:04:54.534 - INFO  -  org.entando.entando.aps.system.init.util.ApsTableUtils - creating table 'RESOURCERELATIONS'
2014-09-16 15:04:54.617 - INFO  -  org.entando.entando.aps.system.init.util.ApsTableUtils - executed create table statement changed 0 rows: CREATE TABLE  RESOURCERELATIONS  ( RESID  VARCHAR(16) NOT NULL ,  REFCATEGORY  VARCHAR(30) NOT NULL ) 
2014-09-16 15:04:54.618 - INFO  -  org.entando.entando.aps.system.init.util.TableFactory - Created table - portDataSource/resourcerelations
2014-09-16 15:04:54.944 - INFO  -  org.entando.entando.aps.system.init.util.ApsTableUtils - creating table 'CONTENTRELATIONS'
2014-09-16 15:04:54.944 - INFO  -  org.entando.entando.aps.system.init.util.ApsTableUtils - creating index 'CONTENTRELATIONS_refgroup_idx' for table 'CONTENTRELATIONS
2014-09-16 15:04:54.944 - INFO  -  org.entando.entando.aps.system.init.util.ApsTableUtils - creating index 'CONTENTRELATIONS_contentid_idx' for table 'CONTENTRELATIONS
2014-09-16 15:04:54.944 - INFO  -  org.entando.entando.aps.system.init.util.ApsTableUtils - creating index 'CONTENTRELATIONS_refcategory_idx' for table 'CONTENTRELATIONS
2014-09-16 15:04:55.029 - INFO  -  org.entando.entando.aps.system.init.util.ApsTableUtils - executed create table statement changed 0 rows: CREATE TABLE  CONTENTRELATIONS  ( CONTENTID  VARCHAR(16) NOT NULL ,  REFPAGE  VARCHAR(30) ,  REFCONTENT  VARCHAR(16) ,  REFRESOURCE  VARCHAR(16) ,  REFCATEGORY  VARCHAR(30) ,  REFGROUP  VARCHAR(20) ) 
2014-09-16 15:04:55.184 - INFO  -  org.entando.entando.aps.system.init.util.ApsTableUtils - executed create table statement changed 0 rows: CREATE INDEX  CONTENTRELATIONS_REFGROUP_IDX  ON  CONTENTRELATIONS  (  REFGROUP  )
2014-09-16 15:04:55.340 - INFO  -  org.entando.entando.aps.system.init.util.ApsTableUtils - executed create table statement changed 0 rows: CREATE INDEX  CONTENTRELATIONS_CONTENTID_IDX  ON  CONTENTRELATIONS  (  CONTENTID  )
2014-09-16 15:04:55.473 - INFO  -  org.entando.entando.aps.system.init.util.ApsTableUtils - executed create table statement changed 0 rows: CREATE INDEX  CONTENTRELATIONS_REFCATEGORY_IDX  ON  CONTENTRELATIONS  (  REFCATEGORY  )
2014-09-16 15:04:55.473 - INFO  -  org.entando.entando.aps.system.init.util.TableFactory - Created table - portDataSource/contentrelations
2014-09-16 15:04:55.987 - INFO  -  org.entando.entando.aps.system.init.util.ApsTableUtils - creating table 'CONTENTSEARCH'
2014-09-16 15:04:55.987 - INFO  -  org.entando.entando.aps.system.init.util.ApsTableUtils - creating index 'CONTENTSEARCH_attrname_idx' for table 'CONTENTSEARCH
2014-09-16 15:04:55.987 - INFO  -  org.entando.entando.aps.system.init.util.ApsTableUtils - creating index 'CONTENTSEARCH_contentid_idx' for table 'CONTENTSEARCH
2014-09-16 15:04:56.062 - INFO  -  org.entando.entando.aps.system.init.util.ApsTableUtils - executed create table statement changed 0 rows: CREATE TABLE  CONTENTSEARCH  ( CONTENTID  VARCHAR(16) NOT NULL ,  ATTRNAME  VARCHAR(30) NOT NULL ,  TEXTVALUE  VARCHAR(255) ,  DATEVALUE  TIMESTAMP ,  NUMVALUE  INTEGER ,  LANGCODE  VARCHAR(3) ) 
2014-09-16 15:04:56.184 - INFO  -  org.entando.entando.aps.system.init.util.ApsTableUtils - executed create table statement changed 0 rows: CREATE INDEX  CONTENTSEARCH_ATTRNAME_IDX  ON  CONTENTSEARCH  (  ATTRNAME  )
2014-09-16 15:04:56.418 - INFO  -  org.entando.entando.aps.system.init.util.ApsTableUtils - executed create table statement changed 0 rows: CREATE INDEX  CONTENTSEARCH_CONTENTID_IDX  ON  CONTENTSEARCH  (  CONTENTID  )
2014-09-16 15:04:56.418 - INFO  -  org.entando.entando.aps.system.init.util.TableFactory - Created table - portDataSource/contentsearch
2014-09-16 15:04:56.442 - INFO  -  org.entando.entando.aps.system.init.util.ApsTableUtils - creating table 'CONTENTATTRIBUTEROLES'
2014-09-16 15:04:56.442 - INFO  -  org.entando.entando.aps.system.init.util.ApsTableUtils - creating index 'CONTENTATTRIBUTEROLES_contentid_idx' for table 'CONTENTATTRIBUTEROLES
2014-09-16 15:04:56.442 - INFO  -  org.entando.entando.aps.system.init.util.ApsTableUtils - creating index 'CONTENTATTRIBUTEROLES_attrname_idx' for table 'CONTENTATTRIBUTEROLES
2014-09-16 15:04:56.442 - INFO  -  org.entando.entando.aps.system.init.util.ApsTableUtils - creating index 'CONTENTATTRIBUTEROLES_rolename_idx' for table 'CONTENTATTRIBUTEROLES
2014-09-16 15:04:56.540 - INFO  -  org.entando.entando.aps.system.init.util.ApsTableUtils - executed create table statement changed 0 rows: CREATE TABLE  CONTENTATTRIBUTEROLES  ( CONTENTID  VARCHAR(16) NOT NULL ,  ATTRNAME  VARCHAR(30) NOT NULL ,  ROLENAME  VARCHAR(50) NOT NULL ) 
2014-09-16 15:04:56.696 - INFO  -  org.entando.entando.aps.system.init.util.ApsTableUtils - executed create table statement changed 0 rows: CREATE INDEX  CONTENTATTRIBUTEROLES_CONTENTID_IDX  ON  CONTENTATTRIBUTEROLES  (  CONTENTID  )
2014-09-16 15:04:56.851 - INFO  -  org.entando.entando.aps.system.init.util.ApsTableUtils - executed create table statement changed 0 rows: CREATE INDEX  CONTENTATTRIBUTEROLES_ATTRNAME_IDX  ON  CONTENTATTRIBUTEROLES  (  ATTRNAME  )
2014-09-16 15:04:56.996 - INFO  -  org.entando.entando.aps.system.init.util.ApsTableUtils - executed create table statement changed 0 rows: CREATE INDEX  CONTENTATTRIBUTEROLES_ROLENAME_IDX  ON  CONTENTATTRIBUTEROLES  (  ROLENAME  )
2014-09-16 15:04:56.996 - INFO  -  org.entando.entando.aps.system.init.util.TableFactory - Created table - portDataSource/contentattributeroles
2014-09-16 15:04:57.020 - INFO  -  org.entando.entando.aps.system.init.util.ApsTableUtils - creating table 'WORKCONTENTRELATIONS'
2014-09-16 15:04:57.020 - INFO  -  org.entando.entando.aps.system.init.util.ApsTableUtils - creating index 'WORKCONTENTRELATIONS_contentid_idx' for table 'WORKCONTENTRELATIONS
2014-09-16 15:04:57.020 - INFO  -  org.entando.entando.aps.system.init.util.ApsTableUtils - creating index 'WORKCONTENTRELATIONS_refcategory_idx' for table 'WORKCONTENTRELATIONS
2014-09-16 15:04:57.096 - INFO  -  org.entando.entando.aps.system.init.util.ApsTableUtils - executed create table statement changed 0 rows: CREATE TABLE  WORKCONTENTRELATIONS  ( CONTENTID  VARCHAR(16) NOT NULL ,  REFCATEGORY  VARCHAR(30) ) 
2014-09-16 15:04:57.229 - INFO  -  org.entando.entando.aps.system.init.util.ApsTableUtils - executed create table statement changed 0 rows: CREATE INDEX  WORKCONTENTRELATIONS_CONTENTID_IDX  ON  WORKCONTENTRELATIONS  (  CONTENTID  )
2014-09-16 15:04:57.363 - INFO  -  org.entando.entando.aps.system.init.util.ApsTableUtils - executed create table statement changed 0 rows: CREATE INDEX  WORKCONTENTRELATIONS_REFCATEGORY_IDX  ON  WORKCONTENTRELATIONS  (  REFCATEGORY  )
2014-09-16 15:04:57.363 - INFO  -  org.entando.entando.aps.system.init.util.TableFactory - Created table - portDataSource/workcontentrelations
2014-09-16 15:04:57.388 - INFO  -  org.entando.entando.aps.system.init.util.ApsTableUtils - creating table 'WORKCONTENTSEARCH'
2014-09-16 15:04:57.388 - INFO  -  org.entando.entando.aps.system.init.util.ApsTableUtils - creating index 'WORKCONTENTSEARCH_attrname_idx' for table 'WORKCONTENTSEARCH
2014-09-16 15:04:57.388 - INFO  -  org.entando.entando.aps.system.init.util.ApsTableUtils - creating index 'WORKCONTENTSEARCH_contentid_idx' for table 'WORKCONTENTSEARCH
2014-09-16 15:04:57.463 - INFO  -  org.entando.entando.aps.system.init.util.ApsTableUtils - executed create table statement changed 0 rows: CREATE TABLE  WORKCONTENTSEARCH  ( CONTENTID  VARCHAR(16) NOT NULL ,  ATTRNAME  VARCHAR(30) NOT NULL ,  TEXTVALUE  VARCHAR(255) ,  DATEVALUE  TIMESTAMP ,  NUMVALUE  INTEGER ,  LANGCODE  VARCHAR(3) ) 
2014-09-16 15:04:57.585 - INFO  -  org.entando.entando.aps.system.init.util.ApsTableUtils - executed create table statement changed 0 rows: CREATE INDEX  WORKCONTENTSEARCH_ATTRNAME_IDX  ON  WORKCONTENTSEARCH  (  ATTRNAME  )
2014-09-16 15:04:57.707 - INFO  -  org.entando.entando.aps.system.init.util.ApsTableUtils - executed create table statement changed 0 rows: CREATE INDEX  WORKCONTENTSEARCH_CONTENTID_IDX  ON  WORKCONTENTSEARCH  (  CONTENTID  )
2014-09-16 15:04:57.707 - INFO  -  org.entando.entando.aps.system.init.util.TableFactory - Created table - portDataSource/workcontentsearch
2014-09-16 15:04:57.731 - INFO  -  org.entando.entando.aps.system.init.util.ApsTableUtils - creating table 'WORKCONTENTATTRIBUTEROLES'
2014-09-16 15:04:57.731 - INFO  -  org.entando.entando.aps.system.init.util.ApsTableUtils - creating index 'WORKCONTENTATTRIBUTEROLES_attrname_idx' for table 'WORKCONTENTATTRIBUTEROLES
2014-09-16 15:04:57.731 - INFO  -  org.entando.entando.aps.system.init.util.ApsTableUtils - creating index 'WORKCONTENTATTRIBUTEROLES_rolename_idx' for table 'WORKCONTENTATTRIBUTEROLES
2014-09-16 15:04:57.731 - INFO  -  org.entando.entando.aps.system.init.util.ApsTableUtils - creating index 'WORKCONTENTATTRIBUTEROLES_contentid_idx' for table 'WORKCONTENTATTRIBUTEROLES
2014-09-16 15:04:57.807 - INFO  -  org.entando.entando.aps.system.init.util.ApsTableUtils - executed create table statement changed 0 rows: CREATE TABLE  WORKCONTENTATTRIBUTEROLES  ( CONTENTID  VARCHAR(16) NOT NULL ,  ATTRNAME  VARCHAR(30) NOT NULL ,  ROLENAME  VARCHAR(50) NOT NULL ) 
2014-09-16 15:04:57.952 - INFO  -  org.entando.entando.aps.system.init.util.ApsTableUtils - executed create table statement changed 0 rows: CREATE INDEX  WORKCONTENTATTRIBUTEROLES_ATTRNAME_IDX  ON  WORKCONTENTATTRIBUTEROLES  (  ATTRNAME  )
2014-09-16 15:04:58.085 - INFO  -  org.entando.entando.aps.system.init.util.ApsTableUtils - executed create table statement changed 0 rows: CREATE INDEX  WORKCONTENTATTRIBUTEROLES_ROLENAME_IDX  ON  WORKCONTENTATTRIBUTEROLES  (  ROLENAME  )
2014-09-16 15:04:58.218 - INFO  -  org.entando.entando.aps.system.init.util.ApsTableUtils - executed create table statement changed 0 rows: CREATE INDEX  WORKCONTENTATTRIBUTEROLES_CONTENTID_IDX  ON  WORKCONTENTATTRIBUTEROLES  (  CONTENTID  )
2014-09-16 15:04:58.218 - INFO  -  org.entando.entando.aps.system.init.util.TableFactory - Created table - portDataSource/workcontentattributeroles
2014-09-16 15:04:58.233 - INFO  -  org.entando.entando.aps.system.init.util.ApsTableUtils - creating table 'JPSTATS_STATISTICS'
2014-09-16 15:04:58.330 - INFO  -  org.entando.entando.aps.system.init.util.ApsTableUtils - executed create table statement changed 0 rows: CREATE TABLE  JPSTATS_STATISTICS  ( IP  VARCHAR(19) NOT NULL ,  REFERER  LONG VARCHAR ,  SESSION_ID  VARCHAR(255) ,  ROLE  VARCHAR(255) ,  TIMESTAMP  VARCHAR(255) ,  YEAR_VALUE  VARCHAR(4) ,  MONTH_VALUE  VARCHAR(2) ,  DAY_VALUE  VARCHAR(2) ,  HOUR_VALUE  VARCHAR(8) ,  PAGECODE  VARCHAR(255) ,  LANGCODE  VARCHAR(2) ,  USERAGENT  VARCHAR(255) ,  BROWSERLANG  VARCHAR(255) ,  CONTENT  VARCHAR(16) ) 
2014-09-16 15:04:58.330 - INFO  -  org.entando.entando.aps.system.init.util.TableFactory - Created table - portDataSource/jpstats_statistics
2014-09-16 15:06:27.535 - ERROR -  com.agiletec.aps.util.DateConverter - Wrong date format detected : aa/bb/cccc
java.text.ParseException: Unparseable date: "aa/bb/cccc"
	at java.text.DateFormat.parse(DateFormat.java:357)
	at com.agiletec.aps.util.DateConverter.parseDate(DateConverter.java:79)
	at com.agiletec.plugins.jpstats.aps.util.CalendarConverter.getCalendarDay(CalendarConverter.java:39)
	at com.agiletec.plugins.jpstats.aps.util.TestCalendarConverter.testGetCalendarDay(TestCalendarConverter.java:31)
	at sun.reflect.NativeMethodAccessorImpl.invoke0(Native Method)
	at sun.reflect.NativeMethodAccessorImpl.invoke(NativeMethodAccessorImpl.java:57)
	at sun.reflect.DelegatingMethodAccessorImpl.invoke(DelegatingMethodAccessorImpl.java:43)
	at java.lang.reflect.Method.invoke(Method.java:606)
	at junit.framework.TestCase.runTest(TestCase.java:168)
	at junit.framework.TestCase.runBare(TestCase.java:134)
	at junit.framework.TestResult$1.protect(TestResult.java:110)
	at junit.framework.TestResult.runProtected(TestResult.java:128)
	at junit.framework.TestResult.run(TestResult.java:113)
	at junit.framework.TestCase.run(TestCase.java:124)
	at junit.framework.TestSuite.runTest(TestSuite.java:243)
	at junit.framework.TestSuite.run(TestSuite.java:238)
	at junit.framework.TestSuite.runTest(TestSuite.java:243)
	at junit.framework.TestSuite.run(TestSuite.java:238)
	at org.junit.internal.runners.JUnit38ClassRunner.run(JUnit38ClassRunner.java:83)
	at org.apache.maven.surefire.junit4.JUnit4Provider.execute(JUnit4Provider.java:236)
	at org.apache.maven.surefire.junit4.JUnit4Provider.executeTestSet(JUnit4Provider.java:134)
	at org.apache.maven.surefire.junit4.JUnit4Provider.invoke(JUnit4Provider.java:113)
	at sun.reflect.NativeMethodAccessorImpl.invoke0(Native Method)
	at sun.reflect.NativeMethodAccessorImpl.invoke(NativeMethodAccessorImpl.java:57)
	at sun.reflect.DelegatingMethodAccessorImpl.invoke(DelegatingMethodAccessorImpl.java:43)
	at java.lang.reflect.Method.invoke(Method.java:606)
	at org.apache.maven.surefire.util.ReflectionUtils.invokeMethodWithArray(ReflectionUtils.java:189)
	at org.apache.maven.surefire.booter.ProviderFactory$ProviderProxy.invoke(ProviderFactory.java:165)
	at org.apache.maven.surefire.booter.ProviderFactory.invokeProvider(ProviderFactory.java:85)
	at org.apache.maven.surefire.booter.ForkedBooter.runSuitesInProcess(ForkedBooter.java:103)
	at org.apache.maven.surefire.booter.ForkedBooter.main(ForkedBooter.java:74)
2014-09-16 15:06:27.535 - ERROR -  com.agiletec.aps.util.DateConverter - Wrong date format detected : aa/bb/cccc
java.text.ParseException: Unparseable date: "aa/bb/cccc"
	at java.text.DateFormat.parse(DateFormat.java:357)
	at com.agiletec.aps.util.DateConverter.parseDate(DateConverter.java:79)
	at com.agiletec.plugins.jpstats.aps.util.CalendarConverter.getCalendarDay(CalendarConverter.java:39)
	at com.agiletec.plugins.jpstats.aps.util.TestCalendarConverter.testGetCalendarDay(TestCalendarConverter.java:31)
	at sun.reflect.NativeMethodAccessorImpl.invoke0(Native Method)
	at sun.reflect.NativeMethodAccessorImpl.invoke(NativeMethodAccessorImpl.java:57)
	at sun.reflect.DelegatingMethodAccessorImpl.invoke(DelegatingMethodAccessorImpl.java:43)
	at java.lang.reflect.Method.invoke(Method.java:606)
	at junit.framework.TestCase.runTest(TestCase.java:168)
	at junit.framework.TestCase.runBare(TestCase.java:134)
	at junit.framework.TestResult$1.protect(TestResult.java:110)
	at junit.framework.TestResult.runProtected(TestResult.java:128)
	at junit.framework.TestResult.run(TestResult.java:113)
	at junit.framework.TestCase.run(TestCase.java:124)
	at junit.framework.TestSuite.runTest(TestSuite.java:243)
	at junit.framework.TestSuite.run(TestSuite.java:238)
	at junit.framework.TestSuite.runTest(TestSuite.java:243)
	at junit.framework.TestSuite.run(TestSuite.java:238)
	at org.junit.internal.runners.JUnit38ClassRunner.run(JUnit38ClassRunner.java:83)
	at org.apache.maven.surefire.junit4.JUnit4Provider.execute(JUnit4Provider.java:236)
	at org.apache.maven.surefire.junit4.JUnit4Provider.executeTestSet(JUnit4Provider.java:134)
	at org.apache.maven.surefire.junit4.JUnit4Provider.invoke(JUnit4Provider.java:113)
	at sun.reflect.NativeMethodAccessorImpl.invoke0(Native Method)
	at sun.reflect.NativeMethodAccessorImpl.invoke(NativeMethodAccessorImpl.java:57)
	at sun.reflect.DelegatingMethodAccessorImpl.invoke(DelegatingMethodAccessorImpl.java:43)
	at java.lang.reflect.Method.invoke(Method.java:606)
	at org.apache.maven.surefire.util.ReflectionUtils.invokeMethodWithArray(ReflectionUtils.java:189)
	at org.apache.maven.surefire.booter.ProviderFactory$ProviderProxy.invoke(ProviderFactory.java:165)
	at org.apache.maven.surefire.booter.ProviderFactory.invokeProvider(ProviderFactory.java:85)
	at org.apache.maven.surefire.booter.ForkedBooter.runSuitesInProcess(ForkedBooter.java:103)
	at org.apache.maven.surefire.booter.ForkedBooter.main(ForkedBooter.java:74)
2014-09-16 15:06:27.535 - ERROR -  com.agiletec.aps.util.DateConverter - Wrong date format detected : aa/bb/cccc
java.text.ParseException: Unparseable date: "aa/bb/cccc"
	at java.text.DateFormat.parse(DateFormat.java:357)
	at com.agiletec.aps.util.DateConverter.parseDate(DateConverter.java:79)
	at com.agiletec.plugins.jpstats.aps.util.CalendarConverter.getCalendarDay(CalendarConverter.java:39)
	at com.agiletec.plugins.jpstats.aps.util.TestCalendarConverter.testGetCalendarDay(TestCalendarConverter.java:31)
	at sun.reflect.NativeMethodAccessorImpl.invoke0(Native Method)
	at sun.reflect.NativeMethodAccessorImpl.invoke(NativeMethodAccessorImpl.java:57)
	at sun.reflect.DelegatingMethodAccessorImpl.invoke(DelegatingMethodAccessorImpl.java:43)
	at java.lang.reflect.Method.invoke(Method.java:606)
	at junit.framework.TestCase.runTest(TestCase.java:168)
	at junit.framework.TestCase.runBare(TestCase.java:134)
	at junit.framework.TestResult$1.protect(TestResult.java:110)
	at junit.framework.TestResult.runProtected(TestResult.java:128)
	at junit.framework.TestResult.run(TestResult.java:113)
	at junit.framework.TestCase.run(TestCase.java:124)
	at junit.framework.TestSuite.runTest(TestSuite.java:243)
	at junit.framework.TestSuite.run(TestSuite.java:238)
	at junit.framework.TestSuite.runTest(TestSuite.java:243)
	at junit.framework.TestSuite.run(TestSuite.java:238)
	at org.junit.internal.runners.JUnit38ClassRunner.run(JUnit38ClassRunner.java:83)
	at org.apache.maven.surefire.junit4.JUnit4Provider.execute(JUnit4Provider.java:236)
	at org.apache.maven.surefire.junit4.JUnit4Provider.executeTestSet(JUnit4Provider.java:134)
	at org.apache.maven.surefire.junit4.JUnit4Provider.invoke(JUnit4Provider.java:113)
	at sun.reflect.NativeMethodAccessorImpl.invoke0(Native Method)
	at sun.reflect.NativeMethodAccessorImpl.invoke(NativeMethodAccessorImpl.java:57)
	at sun.reflect.DelegatingMethodAccessorImpl.invoke(DelegatingMethodAccessorImpl.java:43)
	at java.lang.reflect.Method.invoke(Method.java:606)
	at org.apache.maven.surefire.util.ReflectionUtils.invokeMethodWithArray(ReflectionUtils.java:189)
	at org.apache.maven.surefire.booter.ProviderFactory$ProviderProxy.invoke(ProviderFactory.java:165)
	at org.apache.maven.surefire.booter.ProviderFactory.invokeProvider(ProviderFactory.java:85)
	at org.apache.maven.surefire.booter.ForkedBooter.runSuitesInProcess(ForkedBooter.java:103)
	at org.apache.maven.surefire.booter.ForkedBooter.main(ForkedBooter.java:74)
2014-09-16 15:06:27.535 - ERROR -  com.agiletec.aps.util.DateConverter - Wrong date format detected : aa/bb/cccc
java.text.ParseException: Unparseable date: "aa/bb/cccc"
	at java.text.DateFormat.parse(DateFormat.java:357)
	at com.agiletec.aps.util.DateConverter.parseDate(DateConverter.java:79)
	at com.agiletec.plugins.jpstats.aps.util.CalendarConverter.getCalendarDay(CalendarConverter.java:39)
	at com.agiletec.plugins.jpstats.aps.util.TestCalendarConverter.testGetCalendarDay(TestCalendarConverter.java:31)
	at sun.reflect.NativeMethodAccessorImpl.invoke0(Native Method)
	at sun.reflect.NativeMethodAccessorImpl.invoke(NativeMethodAccessorImpl.java:57)
	at sun.reflect.DelegatingMethodAccessorImpl.invoke(DelegatingMethodAccessorImpl.java:43)
	at java.lang.reflect.Method.invoke(Method.java:606)
	at junit.framework.TestCase.runTest(TestCase.java:168)
	at junit.framework.TestCase.runBare(TestCase.java:134)
	at junit.framework.TestResult$1.protect(TestResult.java:110)
	at junit.framework.TestResult.runProtected(TestResult.java:128)
	at junit.framework.TestResult.run(TestResult.java:113)
	at junit.framework.TestCase.run(TestCase.java:124)
	at junit.framework.TestSuite.runTest(TestSuite.java:243)
	at junit.framework.TestSuite.run(TestSuite.java:238)
	at junit.framework.TestSuite.runTest(TestSuite.java:243)
	at junit.framework.TestSuite.run(TestSuite.java:238)
	at org.junit.internal.runners.JUnit38ClassRunner.run(JUnit38ClassRunner.java:83)
	at org.apache.maven.surefire.junit4.JUnit4Provider.execute(JUnit4Provider.java:236)
	at org.apache.maven.surefire.junit4.JUnit4Provider.executeTestSet(JUnit4Provider.java:134)
	at org.apache.maven.surefire.junit4.JUnit4Provider.invoke(JUnit4Provider.java:113)
	at sun.reflect.NativeMethodAccessorImpl.invoke0(Native Method)
	at sun.reflect.NativeMethodAccessorImpl.invoke(NativeMethodAccessorImpl.java:57)
	at sun.reflect.DelegatingMethodAccessorImpl.invoke(DelegatingMethodAccessorImpl.java:43)
	at java.lang.reflect.Method.invoke(Method.java:606)
	at org.apache.maven.surefire.util.ReflectionUtils.invokeMethodWithArray(ReflectionUtils.java:189)
	at org.apache.maven.surefire.booter.ProviderFactory$ProviderProxy.invoke(ProviderFactory.java:165)
	at org.apache.maven.surefire.booter.ProviderFactory.invokeProvider(ProviderFactory.java:85)
	at org.apache.maven.surefire.booter.ForkedBooter.runSuitesInProcess(ForkedBooter.java:103)
	at org.apache.maven.surefire.booter.ForkedBooter.main(ForkedBooter.java:74)
2014-09-16 15:06:27.535 - ERROR -  com.agiletec.aps.util.DateConverter - Wrong date format detected : aa/bb/cccc
java.text.ParseException: Unparseable date: "aa/bb/cccc"
	at java.text.DateFormat.parse(DateFormat.java:357)
	at com.agiletec.aps.util.DateConverter.parseDate(DateConverter.java:79)
	at com.agiletec.plugins.jpstats.aps.util.CalendarConverter.getCalendarDay(CalendarConverter.java:39)
	at com.agiletec.plugins.jpstats.aps.util.TestCalendarConverter.testGetCalendarDay(TestCalendarConverter.java:31)
	at sun.reflect.NativeMethodAccessorImpl.invoke0(Native Method)
	at sun.reflect.NativeMethodAccessorImpl.invoke(NativeMethodAccessorImpl.java:57)
	at sun.reflect.DelegatingMethodAccessorImpl.invoke(DelegatingMethodAccessorImpl.java:43)
	at java.lang.reflect.Method.invoke(Method.java:606)
	at junit.framework.TestCase.runTest(TestCase.java:168)
	at junit.framework.TestCase.runBare(TestCase.java:134)
	at junit.framework.TestResult$1.protect(TestResult.java:110)
	at junit.framework.TestResult.runProtected(TestResult.java:128)
	at junit.framework.TestResult.run(TestResult.java:113)
	at junit.framework.TestCase.run(TestCase.java:124)
	at junit.framework.TestSuite.runTest(TestSuite.java:243)
	at junit.framework.TestSuite.run(TestSuite.java:238)
	at junit.framework.TestSuite.runTest(TestSuite.java:243)
	at junit.framework.TestSuite.run(TestSuite.java:238)
	at org.junit.internal.runners.JUnit38ClassRunner.run(JUnit38ClassRunner.java:83)
	at org.apache.maven.surefire.junit4.JUnit4Provider.execute(JUnit4Provider.java:236)
	at org.apache.maven.surefire.junit4.JUnit4Provider.executeTestSet(JUnit4Provider.java:134)
	at org.apache.maven.surefire.junit4.JUnit4Provider.invoke(JUnit4Provider.java:113)
	at sun.reflect.NativeMethodAccessorImpl.invoke0(Native Method)
	at sun.reflect.NativeMethodAccessorImpl.invoke(NativeMethodAccessorImpl.java:57)
	at sun.reflect.DelegatingMethodAccessorImpl.invoke(DelegatingMethodAccessorImpl.java:43)
	at java.lang.reflect.Method.invoke(Method.java:606)
	at org.apache.maven.surefire.util.ReflectionUtils.invokeMethodWithArray(ReflectionUtils.java:189)
	at org.apache.maven.surefire.booter.ProviderFactory$ProviderProxy.invoke(ProviderFactory.java:165)
	at org.apache.maven.surefire.booter.ProviderFactory.invokeProvider(ProviderFactory.java:85)
	at org.apache.maven.surefire.booter.ForkedBooter.runSuitesInProcess(ForkedBooter.java:103)
	at org.apache.maven.surefire.booter.ForkedBooter.main(ForkedBooter.java:74)
2014-09-16 15:06:27.535 - ERROR -  com.agiletec.aps.util.DateConverter - Wrong date format detected : aa/bb/cccc
java.text.ParseException: Unparseable date: "aa/bb/cccc"
	at java.text.DateFormat.parse(DateFormat.java:357)
	at com.agiletec.aps.util.DateConverter.parseDate(DateConverter.java:79)
	at com.agiletec.plugins.jpstats.aps.util.CalendarConverter.getCalendarDay(CalendarConverter.java:39)
	at com.agiletec.plugins.jpstats.aps.util.TestCalendarConverter.testGetCalendarDay(TestCalendarConverter.java:31)
	at sun.reflect.NativeMethodAccessorImpl.invoke0(Native Method)
	at sun.reflect.NativeMethodAccessorImpl.invoke(NativeMethodAccessorImpl.java:57)
	at sun.reflect.DelegatingMethodAccessorImpl.invoke(DelegatingMethodAccessorImpl.java:43)
	at java.lang.reflect.Method.invoke(Method.java:606)
	at junit.framework.TestCase.runTest(TestCase.java:168)
	at junit.framework.TestCase.runBare(TestCase.java:134)
	at junit.framework.TestResult$1.protect(TestResult.java:110)
	at junit.framework.TestResult.runProtected(TestResult.java:128)
	at junit.framework.TestResult.run(TestResult.java:113)
	at junit.framework.TestCase.run(TestCase.java:124)
	at junit.framework.TestSuite.runTest(TestSuite.java:243)
	at junit.framework.TestSuite.run(TestSuite.java:238)
	at junit.framework.TestSuite.runTest(TestSuite.java:243)
	at junit.framework.TestSuite.run(TestSuite.java:238)
	at org.junit.internal.runners.JUnit38ClassRunner.run(JUnit38ClassRunner.java:83)
	at org.apache.maven.surefire.junit4.JUnit4Provider.execute(JUnit4Provider.java:236)
	at org.apache.maven.surefire.junit4.JUnit4Provider.executeTestSet(JUnit4Provider.java:134)
	at org.apache.maven.surefire.junit4.JUnit4Provider.invoke(JUnit4Provider.java:113)
	at sun.reflect.NativeMethodAccessorImpl.invoke0(Native Method)
	at sun.reflect.NativeMethodAccessorImpl.invoke(NativeMethodAccessorImpl.java:57)
	at sun.reflect.DelegatingMethodAccessorImpl.invoke(DelegatingMethodAccessorImpl.java:43)
	at java.lang.reflect.Method.invoke(Method.java:606)
	at org.apache.maven.surefire.util.ReflectionUtils.invokeMethodWithArray(ReflectionUtils.java:189)
	at org.apache.maven.surefire.booter.ProviderFactory$ProviderProxy.invoke(ProviderFactory.java:165)
	at org.apache.maven.surefire.booter.ProviderFactory.invokeProvider(ProviderFactory.java:85)
	at org.apache.maven.surefire.booter.ForkedBooter.runSuitesInProcess(ForkedBooter.java:103)
	at org.apache.maven.surefire.booter.ForkedBooter.main(ForkedBooter.java:74)
2014-09-16 15:06:27.535 - ERROR -  com.agiletec.aps.util.DateConverter - Wrong date format detected : aa/bb/cccc
java.text.ParseException: Unparseable date: "aa/bb/cccc"
	at java.text.DateFormat.parse(DateFormat.java:357)
	at com.agiletec.aps.util.DateConverter.parseDate(DateConverter.java:79)
	at com.agiletec.plugins.jpstats.aps.util.CalendarConverter.getCalendarDay(CalendarConverter.java:39)
	at com.agiletec.plugins.jpstats.aps.util.TestCalendarConverter.testGetCalendarDay(TestCalendarConverter.java:31)
	at sun.reflect.NativeMethodAccessorImpl.invoke0(Native Method)
	at sun.reflect.NativeMethodAccessorImpl.invoke(NativeMethodAccessorImpl.java:57)
	at sun.reflect.DelegatingMethodAccessorImpl.invoke(DelegatingMethodAccessorImpl.java:43)
	at java.lang.reflect.Method.invoke(Method.java:606)
	at junit.framework.TestCase.runTest(TestCase.java:168)
	at junit.framework.TestCase.runBare(TestCase.java:134)
	at junit.framework.TestResult$1.protect(TestResult.java:110)
	at junit.framework.TestResult.runProtected(TestResult.java:128)
	at junit.framework.TestResult.run(TestResult.java:113)
	at junit.framework.TestCase.run(TestCase.java:124)
	at junit.framework.TestSuite.runTest(TestSuite.java:243)
	at junit.framework.TestSuite.run(TestSuite.java:238)
	at junit.framework.TestSuite.runTest(TestSuite.java:243)
	at junit.framework.TestSuite.run(TestSuite.java:238)
	at org.junit.internal.runners.JUnit38ClassRunner.run(JUnit38ClassRunner.java:83)
	at org.apache.maven.surefire.junit4.JUnit4Provider.execute(JUnit4Provider.java:236)
	at org.apache.maven.surefire.junit4.JUnit4Provider.executeTestSet(JUnit4Provider.java:134)
	at org.apache.maven.surefire.junit4.JUnit4Provider.invoke(JUnit4Provider.java:113)
	at sun.reflect.NativeMethodAccessorImpl.invoke0(Native Method)
	at sun.reflect.NativeMethodAccessorImpl.invoke(NativeMethodAccessorImpl.java:57)
	at sun.reflect.DelegatingMethodAccessorImpl.invoke(DelegatingMethodAccessorImpl.java:43)
	at java.lang.reflect.Method.invoke(Method.java:606)
	at org.apache.maven.surefire.util.ReflectionUtils.invokeMethodWithArray(ReflectionUtils.java:189)
	at org.apache.maven.surefire.booter.ProviderFactory$ProviderProxy.invoke(ProviderFactory.java:165)
	at org.apache.maven.surefire.booter.ProviderFactory.invokeProvider(ProviderFactory.java:85)
	at org.apache.maven.surefire.booter.ForkedBooter.runSuitesInProcess(ForkedBooter.java:103)
	at org.apache.maven.surefire.booter.ForkedBooter.main(ForkedBooter.java:74)
2014-09-16 15:06:27.535 - ERROR -  com.agiletec.aps.util.DateConverter - Wrong date format detected : aa/bb/cccc
java.text.ParseException: Unparseable date: "aa/bb/cccc"
	at java.text.DateFormat.parse(DateFormat.java:357)
	at com.agiletec.aps.util.DateConverter.parseDate(DateConverter.java:79)
	at com.agiletec.plugins.jpstats.aps.util.CalendarConverter.getCalendarDay(CalendarConverter.java:39)
	at com.agiletec.plugins.jpstats.aps.util.TestCalendarConverter.testGetCalendarDay(TestCalendarConverter.java:31)
	at sun.reflect.NativeMethodAccessorImpl.invoke0(Native Method)
	at sun.reflect.NativeMethodAccessorImpl.invoke(NativeMethodAccessorImpl.java:57)
	at sun.reflect.DelegatingMethodAccessorImpl.invoke(DelegatingMethodAccessorImpl.java:43)
	at java.lang.reflect.Method.invoke(Method.java:606)
	at junit.framework.TestCase.runTest(TestCase.java:168)
	at junit.framework.TestCase.runBare(TestCase.java:134)
	at junit.framework.TestResult$1.protect(TestResult.java:110)
	at junit.framework.TestResult.runProtected(TestResult.java:128)
	at junit.framework.TestResult.run(TestResult.java:113)
	at junit.framework.TestCase.run(TestCase.java:124)
	at junit.framework.TestSuite.runTest(TestSuite.java:243)
	at junit.framework.TestSuite.run(TestSuite.java:238)
	at junit.framework.TestSuite.runTest(TestSuite.java:243)
	at junit.framework.TestSuite.run(TestSuite.java:238)
	at org.junit.internal.runners.JUnit38ClassRunner.run(JUnit38ClassRunner.java:83)
	at org.apache.maven.surefire.junit4.JUnit4Provider.execute(JUnit4Provider.java:236)
	at org.apache.maven.surefire.junit4.JUnit4Provider.executeTestSet(JUnit4Provider.java:134)
	at org.apache.maven.surefire.junit4.JUnit4Provider.invoke(JUnit4Provider.java:113)
	at sun.reflect.NativeMethodAccessorImpl.invoke0(Native Method)
	at sun.reflect.NativeMethodAccessorImpl.invoke(NativeMethodAccessorImpl.java:57)
	at sun.reflect.DelegatingMethodAccessorImpl.invoke(DelegatingMethodAccessorImpl.java:43)
	at java.lang.reflect.Method.invoke(Method.java:606)
	at org.apache.maven.surefire.util.ReflectionUtils.invokeMethodWithArray(ReflectionUtils.java:189)
	at org.apache.maven.surefire.booter.ProviderFactory$ProviderProxy.invoke(ProviderFactory.java:165)
	at org.apache.maven.surefire.booter.ProviderFactory.invokeProvider(ProviderFactory.java:85)
	at org.apache.maven.surefire.booter.ForkedBooter.runSuitesInProcess(ForkedBooter.java:103)
	at org.apache.maven.surefire.booter.ForkedBooter.main(ForkedBooter.java:74)
2014-09-16 15:06:27.535 - ERROR -  com.agiletec.aps.util.DateConverter - Wrong date format detected : aa/bb/cccc
java.text.ParseException: Unparseable date: "aa/bb/cccc"
	at java.text.DateFormat.parse(DateFormat.java:357)
	at com.agiletec.aps.util.DateConverter.parseDate(DateConverter.java:79)
	at com.agiletec.plugins.jpstats.aps.util.CalendarConverter.getCalendarDay(CalendarConverter.java:39)
	at com.agiletec.plugins.jpstats.aps.util.TestCalendarConverter.testGetCalendarDay(TestCalendarConverter.java:31)
	at sun.reflect.NativeMethodAccessorImpl.invoke0(Native Method)
	at sun.reflect.NativeMethodAccessorImpl.invoke(NativeMethodAccessorImpl.java:57)
	at sun.reflect.DelegatingMethodAccessorImpl.invoke(DelegatingMethodAccessorImpl.java:43)
	at java.lang.reflect.Method.invoke(Method.java:606)
	at junit.framework.TestCase.runTest(TestCase.java:168)
	at junit.framework.TestCase.runBare(TestCase.java:134)
	at junit.framework.TestResult$1.protect(TestResult.java:110)
	at junit.framework.TestResult.runProtected(TestResult.java:128)
	at junit.framework.TestResult.run(TestResult.java:113)
	at junit.framework.TestCase.run(TestCase.java:124)
	at junit.framework.TestSuite.runTest(TestSuite.java:243)
	at junit.framework.TestSuite.run(TestSuite.java:238)
	at junit.framework.TestSuite.runTest(TestSuite.java:243)
	at junit.framework.TestSuite.run(TestSuite.java:238)
	at org.junit.internal.runners.JUnit38ClassRunner.run(JUnit38ClassRunner.java:83)
	at org.apache.maven.surefire.junit4.JUnit4Provider.execute(JUnit4Provider.java:236)
	at org.apache.maven.surefire.junit4.JUnit4Provider.executeTestSet(JUnit4Provider.java:134)
	at org.apache.maven.surefire.junit4.JUnit4Provider.invoke(JUnit4Provider.java:113)
	at sun.reflect.NativeMethodAccessorImpl.invoke0(Native Method)
	at sun.reflect.NativeMethodAccessorImpl.invoke(NativeMethodAccessorImpl.java:57)
	at sun.reflect.DelegatingMethodAccessorImpl.invoke(DelegatingMethodAccessorImpl.java:43)
	at java.lang.reflect.Method.invoke(Method.java:606)
	at org.apache.maven.surefire.util.ReflectionUtils.invokeMethodWithArray(ReflectionUtils.java:189)
	at org.apache.maven.surefire.booter.ProviderFactory$ProviderProxy.invoke(ProviderFactory.java:165)
	at org.apache.maven.surefire.booter.ProviderFactory.invokeProvider(ProviderFactory.java:85)
	at org.apache.maven.surefire.booter.ForkedBooter.runSuitesInProcess(ForkedBooter.java:103)
	at org.apache.maven.surefire.booter.ForkedBooter.main(ForkedBooter.java:74)
2014-09-16 15:06:27.535 - ERROR -  com.agiletec.aps.util.DateConverter - Wrong date format detected : aa/bb/cccc
java.text.ParseException: Unparseable date: "aa/bb/cccc"
	at java.text.DateFormat.parse(DateFormat.java:357)
	at com.agiletec.aps.util.DateConverter.parseDate(DateConverter.java:79)
	at com.agiletec.plugins.jpstats.aps.util.CalendarConverter.getCalendarDay(CalendarConverter.java:39)
	at com.agiletec.plugins.jpstats.aps.util.TestCalendarConverter.testGetCalendarDay(TestCalendarConverter.java:31)
	at sun.reflect.NativeMethodAccessorImpl.invoke0(Native Method)
	at sun.reflect.NativeMethodAccessorImpl.invoke(NativeMethodAccessorImpl.java:57)
	at sun.reflect.DelegatingMethodAccessorImpl.invoke(DelegatingMethodAccessorImpl.java:43)
	at java.lang.reflect.Method.invoke(Method.java:606)
	at junit.framework.TestCase.runTest(TestCase.java:168)
	at junit.framework.TestCase.runBare(TestCase.java:134)
	at junit.framework.TestResult$1.protect(TestResult.java:110)
	at junit.framework.TestResult.runProtected(TestResult.java:128)
	at junit.framework.TestResult.run(TestResult.java:113)
	at junit.framework.TestCase.run(TestCase.java:124)
	at junit.framework.TestSuite.runTest(TestSuite.java:243)
	at junit.framework.TestSuite.run(TestSuite.java:238)
	at junit.framework.TestSuite.runTest(TestSuite.java:243)
	at junit.framework.TestSuite.run(TestSuite.java:238)
	at org.junit.internal.runners.JUnit38ClassRunner.run(JUnit38ClassRunner.java:83)
	at org.apache.maven.surefire.junit4.JUnit4Provider.execute(JUnit4Provider.java:236)
	at org.apache.maven.surefire.junit4.JUnit4Provider.executeTestSet(JUnit4Provider.java:134)
	at org.apache.maven.surefire.junit4.JUnit4Provider.invoke(JUnit4Provider.java:113)
	at sun.reflect.NativeMethodAccessorImpl.invoke0(Native Method)
	at sun.reflect.NativeMethodAccessorImpl.invoke(NativeMethodAccessorImpl.java:57)
	at sun.reflect.DelegatingMethodAccessorImpl.invoke(DelegatingMethodAccessorImpl.java:43)
	at java.lang.reflect.Method.invoke(Method.java:606)
	at org.apache.maven.surefire.util.ReflectionUtils.invokeMethodWithArray(ReflectionUtils.java:189)
	at org.apache.maven.surefire.booter.ProviderFactory$ProviderProxy.invoke(ProviderFactory.java:165)
	at org.apache.maven.surefire.booter.ProviderFactory.invokeProvider(ProviderFactory.java:85)
	at org.apache.maven.surefire.booter.ForkedBooter.runSuitesInProcess(ForkedBooter.java:103)
	at org.apache.maven.surefire.booter.ForkedBooter.main(ForkedBooter.java:74)
2014-09-16 15:06:27.535 - ERROR -  com.agiletec.aps.util.DateConverter - Wrong date format detected : aa/bb/cccc
java.text.ParseException: Unparseable date: "aa/bb/cccc"
	at java.text.DateFormat.parse(DateFormat.java:357)
	at com.agiletec.aps.util.DateConverter.parseDate(DateConverter.java:79)
	at com.agiletec.plugins.jpstats.aps.util.CalendarConverter.getCalendarDay(CalendarConverter.java:39)
	at com.agiletec.plugins.jpstats.aps.util.TestCalendarConverter.testGetCalendarDay(TestCalendarConverter.java:31)
	at sun.reflect.NativeMethodAccessorImpl.invoke0(Native Method)
	at sun.reflect.NativeMethodAccessorImpl.invoke(NativeMethodAccessorImpl.java:57)
	at sun.reflect.DelegatingMethodAccessorImpl.invoke(DelegatingMethodAccessorImpl.java:43)
	at java.lang.reflect.Method.invoke(Method.java:606)
	at junit.framework.TestCase.runTest(TestCase.java:168)
	at junit.framework.TestCase.runBare(TestCase.java:134)
	at junit.framework.TestResult$1.protect(TestResult.java:110)
	at junit.framework.TestResult.runProtected(TestResult.java:128)
	at junit.framework.TestResult.run(TestResult.java:113)
	at junit.framework.TestCase.run(TestCase.java:124)
	at junit.framework.TestSuite.runTest(TestSuite.java:243)
	at junit.framework.TestSuite.run(TestSuite.java:238)
	at junit.framework.TestSuite.runTest(TestSuite.java:243)
	at junit.framework.TestSuite.run(TestSuite.java:238)
	at org.junit.internal.runners.JUnit38ClassRunner.run(JUnit38ClassRunner.java:83)
	at org.apache.maven.surefire.junit4.JUnit4Provider.execute(JUnit4Provider.java:236)
	at org.apache.maven.surefire.junit4.JUnit4Provider.executeTestSet(JUnit4Provider.java:134)
	at org.apache.maven.surefire.junit4.JUnit4Provider.invoke(JUnit4Provider.java:113)
	at sun.reflect.NativeMethodAccessorImpl.invoke0(Native Method)
	at sun.reflect.NativeMethodAccessorImpl.invoke(NativeMethodAccessorImpl.java:57)
	at sun.reflect.DelegatingMethodAccessorImpl.invoke(DelegatingMethodAccessorImpl.java:43)
	at java.lang.reflect.Method.invoke(Method.java:606)
	at org.apache.maven.surefire.util.ReflectionUtils.invokeMethodWithArray(ReflectionUtils.java:189)
	at org.apache.maven.surefire.booter.ProviderFactory$ProviderProxy.invoke(ProviderFactory.java:165)
	at org.apache.maven.surefire.booter.ProviderFactory.invokeProvider(ProviderFactory.java:85)
	at org.apache.maven.surefire.booter.ForkedBooter.runSuitesInProcess(ForkedBooter.java:103)
	at org.apache.maven.surefire.booter.ForkedBooter.main(ForkedBooter.java:74)
2014-09-16 15:06:27.535 - ERROR -  com.agiletec.aps.util.DateConverter - Wrong date format detected : aa/bb/cccc
java.text.ParseException: Unparseable date: "aa/bb/cccc"
	at java.text.DateFormat.parse(DateFormat.java:357)
	at com.agiletec.aps.util.DateConverter.parseDate(DateConverter.java:79)
	at com.agiletec.plugins.jpstats.aps.util.CalendarConverter.getCalendarDay(CalendarConverter.java:39)
	at com.agiletec.plugins.jpstats.aps.util.TestCalendarConverter.testGetCalendarDay(TestCalendarConverter.java:31)
	at sun.reflect.NativeMethodAccessorImpl.invoke0(Native Method)
	at sun.reflect.NativeMethodAccessorImpl.invoke(NativeMethodAccessorImpl.java:57)
	at sun.reflect.DelegatingMethodAccessorImpl.invoke(DelegatingMethodAccessorImpl.java:43)
	at java.lang.reflect.Method.invoke(Method.java:606)
	at junit.framework.TestCase.runTest(TestCase.java:168)
	at junit.framework.TestCase.runBare(TestCase.java:134)
	at junit.framework.TestResult$1.protect(TestResult.java:110)
	at junit.framework.TestResult.runProtected(TestResult.java:128)
	at junit.framework.TestResult.run(TestResult.java:113)
	at junit.framework.TestCase.run(TestCase.java:124)
	at junit.framework.TestSuite.runTest(TestSuite.java:243)
	at junit.framework.TestSuite.run(TestSuite.java:238)
	at junit.framework.TestSuite.runTest(TestSuite.java:243)
	at junit.framework.TestSuite.run(TestSuite.java:238)
	at org.junit.internal.runners.JUnit38ClassRunner.run(JUnit38ClassRunner.java:83)
	at org.apache.maven.surefire.junit4.JUnit4Provider.execute(JUnit4Provider.java:236)
	at org.apache.maven.surefire.junit4.JUnit4Provider.executeTestSet(JUnit4Provider.java:134)
	at org.apache.maven.surefire.junit4.JUnit4Provider.invoke(JUnit4Provider.java:113)
	at sun.reflect.NativeMethodAccessorImpl.invoke0(Native Method)
	at sun.reflect.NativeMethodAccessorImpl.invoke(NativeMethodAccessorImpl.java:57)
	at sun.reflect.DelegatingMethodAccessorImpl.invoke(DelegatingMethodAccessorImpl.java:43)
	at java.lang.reflect.Method.invoke(Method.java:606)
	at org.apache.maven.surefire.util.ReflectionUtils.invokeMethodWithArray(ReflectionUtils.java:189)
	at org.apache.maven.surefire.booter.ProviderFactory$ProviderProxy.invoke(ProviderFactory.java:165)
	at org.apache.maven.surefire.booter.ProviderFactory.invokeProvider(ProviderFactory.java:85)
	at org.apache.maven.surefire.booter.ForkedBooter.runSuitesInProcess(ForkedBooter.java:103)
	at org.apache.maven.surefire.booter.ForkedBooter.main(ForkedBooter.java:74)
2014-09-16 15:06:27.535 - ERROR -  com.agiletec.aps.util.DateConverter - Wrong date format detected : aa/bb/cccc
java.text.ParseException: Unparseable date: "aa/bb/cccc"
	at java.text.DateFormat.parse(DateFormat.java:357)
	at com.agiletec.aps.util.DateConverter.parseDate(DateConverter.java:79)
	at com.agiletec.plugins.jpstats.aps.util.CalendarConverter.getCalendarDay(CalendarConverter.java:39)
	at com.agiletec.plugins.jpstats.aps.util.TestCalendarConverter.testGetCalendarDay(TestCalendarConverter.java:31)
	at sun.reflect.NativeMethodAccessorImpl.invoke0(Native Method)
	at sun.reflect.NativeMethodAccessorImpl.invoke(NativeMethodAccessorImpl.java:57)
	at sun.reflect.DelegatingMethodAccessorImpl.invoke(DelegatingMethodAccessorImpl.java:43)
	at java.lang.reflect.Method.invoke(Method.java:606)
	at junit.framework.TestCase.runTest(TestCase.java:168)
	at junit.framework.TestCase.runBare(TestCase.java:134)
	at junit.framework.TestResult$1.protect(TestResult.java:110)
	at junit.framework.TestResult.runProtected(TestResult.java:128)
	at junit.framework.TestResult.run(TestResult.java:113)
	at junit.framework.TestCase.run(TestCase.java:124)
	at junit.framework.TestSuite.runTest(TestSuite.java:243)
	at junit.framework.TestSuite.run(TestSuite.java:238)
	at junit.framework.TestSuite.runTest(TestSuite.java:243)
	at junit.framework.TestSuite.run(TestSuite.java:238)
	at org.junit.internal.runners.JUnit38ClassRunner.run(JUnit38ClassRunner.java:83)
	at org.apache.maven.surefire.junit4.JUnit4Provider.execute(JUnit4Provider.java:236)
	at org.apache.maven.surefire.junit4.JUnit4Provider.executeTestSet(JUnit4Provider.java:134)
	at org.apache.maven.surefire.junit4.JUnit4Provider.invoke(JUnit4Provider.java:113)
	at sun.reflect.NativeMethodAccessorImpl.invoke0(Native Method)
	at sun.reflect.NativeMethodAccessorImpl.invoke(NativeMethodAccessorImpl.java:57)
	at sun.reflect.DelegatingMethodAccessorImpl.invoke(DelegatingMethodAccessorImpl.java:43)
	at java.lang.reflect.Method.invoke(Method.java:606)
	at org.apache.maven.surefire.util.ReflectionUtils.invokeMethodWithArray(ReflectionUtils.java:189)
	at org.apache.maven.surefire.booter.ProviderFactory$ProviderProxy.invoke(ProviderFactory.java:165)
	at org.apache.maven.surefire.booter.ProviderFactory.invokeProvider(ProviderFactory.java:85)
	at org.apache.maven.surefire.booter.ForkedBooter.runSuitesInProcess(ForkedBooter.java:103)
	at org.apache.maven.surefire.booter.ForkedBooter.main(ForkedBooter.java:74)
2014-09-16 15:06:27.535 - ERROR -  com.agiletec.aps.util.DateConverter - Wrong date format detected : aa/bb/cccc
java.text.ParseException: Unparseable date: "aa/bb/cccc"
	at java.text.DateFormat.parse(DateFormat.java:357)
	at com.agiletec.aps.util.DateConverter.parseDate(DateConverter.java:79)
	at com.agiletec.plugins.jpstats.aps.util.CalendarConverter.getCalendarDay(CalendarConverter.java:39)
	at com.agiletec.plugins.jpstats.aps.util.TestCalendarConverter.testGetCalendarDay(TestCalendarConverter.java:31)
	at sun.reflect.NativeMethodAccessorImpl.invoke0(Native Method)
	at sun.reflect.NativeMethodAccessorImpl.invoke(NativeMethodAccessorImpl.java:57)
	at sun.reflect.DelegatingMethodAccessorImpl.invoke(DelegatingMethodAccessorImpl.java:43)
	at java.lang.reflect.Method.invoke(Method.java:606)
	at junit.framework.TestCase.runTest(TestCase.java:168)
	at junit.framework.TestCase.runBare(TestCase.java:134)
	at junit.framework.TestResult$1.protect(TestResult.java:110)
	at junit.framework.TestResult.runProtected(TestResult.java:128)
	at junit.framework.TestResult.run(TestResult.java:113)
	at junit.framework.TestCase.run(TestCase.java:124)
	at junit.framework.TestSuite.runTest(TestSuite.java:243)
	at junit.framework.TestSuite.run(TestSuite.java:238)
	at junit.framework.TestSuite.runTest(TestSuite.java:243)
	at junit.framework.TestSuite.run(TestSuite.java:238)
	at org.junit.internal.runners.JUnit38ClassRunner.run(JUnit38ClassRunner.java:83)
	at org.apache.maven.surefire.junit4.JUnit4Provider.execute(JUnit4Provider.java:236)
	at org.apache.maven.surefire.junit4.JUnit4Provider.executeTestSet(JUnit4Provider.java:134)
	at org.apache.maven.surefire.junit4.JUnit4Provider.invoke(JUnit4Provider.java:113)
	at sun.reflect.NativeMethodAccessorImpl.invoke0(Native Method)
	at sun.reflect.NativeMethodAccessorImpl.invoke(NativeMethodAccessorImpl.java:57)
	at sun.reflect.DelegatingMethodAccessorImpl.invoke(DelegatingMethodAccessorImpl.java:43)
	at java.lang.reflect.Method.invoke(Method.java:606)
	at org.apache.maven.surefire.util.ReflectionUtils.invokeMethodWithArray(ReflectionUtils.java:189)
	at org.apache.maven.surefire.booter.ProviderFactory$ProviderProxy.invoke(ProviderFactory.java:165)
	at org.apache.maven.surefire.booter.ProviderFactory.invokeProvider(ProviderFactory.java:85)
	at org.apache.maven.surefire.booter.ForkedBooter.runSuitesInProcess(ForkedBooter.java:103)
	at org.apache.maven.surefire.booter.ForkedBooter.main(ForkedBooter.java:74)
2014-09-16 15:06:27.535 - ERROR -  com.agiletec.aps.util.DateConverter - Wrong date format detected : aa/bb/cccc
java.text.ParseException: Unparseable date: "aa/bb/cccc"
	at java.text.DateFormat.parse(DateFormat.java:357)
	at com.agiletec.aps.util.DateConverter.parseDate(DateConverter.java:79)
	at com.agiletec.plugins.jpstats.aps.util.CalendarConverter.getCalendarDay(CalendarConverter.java:39)
	at com.agiletec.plugins.jpstats.aps.util.TestCalendarConverter.testGetCalendarDay(TestCalendarConverter.java:31)
	at sun.reflect.NativeMethodAccessorImpl.invoke0(Native Method)
	at sun.reflect.NativeMethodAccessorImpl.invoke(NativeMethodAccessorImpl.java:57)
	at sun.reflect.DelegatingMethodAccessorImpl.invoke(DelegatingMethodAccessorImpl.java:43)
	at java.lang.reflect.Method.invoke(Method.java:606)
	at junit.framework.TestCase.runTest(TestCase.java:168)
	at junit.framework.TestCase.runBare(TestCase.java:134)
	at junit.framework.TestResult$1.protect(TestResult.java:110)
	at junit.framework.TestResult.runProtected(TestResult.java:128)
	at junit.framework.TestResult.run(TestResult.java:113)
	at junit.framework.TestCase.run(TestCase.java:124)
	at junit.framework.TestSuite.runTest(TestSuite.java:243)
	at junit.framework.TestSuite.run(TestSuite.java:238)
	at junit.framework.TestSuite.runTest(TestSuite.java:243)
	at junit.framework.TestSuite.run(TestSuite.java:238)
	at org.junit.internal.runners.JUnit38ClassRunner.run(JUnit38ClassRunner.java:83)
	at org.apache.maven.surefire.junit4.JUnit4Provider.execute(JUnit4Provider.java:236)
	at org.apache.maven.surefire.junit4.JUnit4Provider.executeTestSet(JUnit4Provider.java:134)
	at org.apache.maven.surefire.junit4.JUnit4Provider.invoke(JUnit4Provider.java:113)
	at sun.reflect.NativeMethodAccessorImpl.invoke0(Native Method)
	at sun.reflect.NativeMethodAccessorImpl.invoke(NativeMethodAccessorImpl.java:57)
	at sun.reflect.DelegatingMethodAccessorImpl.invoke(DelegatingMethodAccessorImpl.java:43)
	at java.lang.reflect.Method.invoke(Method.java:606)
	at org.apache.maven.surefire.util.ReflectionUtils.invokeMethodWithArray(ReflectionUtils.java:189)
	at org.apache.maven.surefire.booter.ProviderFactory$ProviderProxy.invoke(ProviderFactory.java:165)
	at org.apache.maven.surefire.booter.ProviderFactory.invokeProvider(ProviderFactory.java:85)
	at org.apache.maven.surefire.booter.ForkedBooter.runSuitesInProcess(ForkedBooter.java:103)
	at org.apache.maven.surefire.booter.ForkedBooter.main(ForkedBooter.java:74)
2014-09-16 15:06:27.535 - ERROR -  com.agiletec.aps.util.DateConverter - Wrong date format detected : aa/bb/cccc
java.text.ParseException: Unparseable date: "aa/bb/cccc"
	at java.text.DateFormat.parse(DateFormat.java:357)
	at com.agiletec.aps.util.DateConverter.parseDate(DateConverter.java:79)
	at com.agiletec.plugins.jpstats.aps.util.CalendarConverter.getCalendarDay(CalendarConverter.java:39)
	at com.agiletec.plugins.jpstats.aps.util.TestCalendarConverter.testGetCalendarDay(TestCalendarConverter.java:31)
	at sun.reflect.NativeMethodAccessorImpl.invoke0(Native Method)
	at sun.reflect.NativeMethodAccessorImpl.invoke(NativeMethodAccessorImpl.java:57)
	at sun.reflect.DelegatingMethodAccessorImpl.invoke(DelegatingMethodAccessorImpl.java:43)
	at java.lang.reflect.Method.invoke(Method.java:606)
	at junit.framework.TestCase.runTest(TestCase.java:168)
	at junit.framework.TestCase.runBare(TestCase.java:134)
	at junit.framework.TestResult$1.protect(TestResult.java:110)
	at junit.framework.TestResult.runProtected(TestResult.java:128)
	at junit.framework.TestResult.run(TestResult.java:113)
	at junit.framework.TestCase.run(TestCase.java:124)
	at junit.framework.TestSuite.runTest(TestSuite.java:243)
	at junit.framework.TestSuite.run(TestSuite.java:238)
	at junit.framework.TestSuite.runTest(TestSuite.java:243)
	at junit.framework.TestSuite.run(TestSuite.java:238)
	at org.junit.internal.runners.JUnit38ClassRunner.run(JUnit38ClassRunner.java:83)
	at org.apache.maven.surefire.junit4.JUnit4Provider.execute(JUnit4Provider.java:236)
	at org.apache.maven.surefire.junit4.JUnit4Provider.executeTestSet(JUnit4Provider.java:134)
	at org.apache.maven.surefire.junit4.JUnit4Provider.invoke(JUnit4Provider.java:113)
	at sun.reflect.NativeMethodAccessorImpl.invoke0(Native Method)
	at sun.reflect.NativeMethodAccessorImpl.invoke(NativeMethodAccessorImpl.java:57)
	at sun.reflect.DelegatingMethodAccessorImpl.invoke(DelegatingMethodAccessorImpl.java:43)
	at java.lang.reflect.Method.invoke(Method.java:606)
	at org.apache.maven.surefire.util.ReflectionUtils.invokeMethodWithArray(ReflectionUtils.java:189)
	at org.apache.maven.surefire.booter.ProviderFactory$ProviderProxy.invoke(ProviderFactory.java:165)
	at org.apache.maven.surefire.booter.ProviderFactory.invokeProvider(ProviderFactory.java:85)
	at org.apache.maven.surefire.booter.ForkedBooter.runSuitesInProcess(ForkedBooter.java:103)
	at org.apache.maven.surefire.booter.ForkedBooter.main(ForkedBooter.java:74)
2014-09-16 15:06:27.535 - ERROR -  com.agiletec.aps.util.DateConverter - Wrong date format detected : aa/bb/cccc
java.text.ParseException: Unparseable date: "aa/bb/cccc"
	at java.text.DateFormat.parse(DateFormat.java:357)
	at com.agiletec.aps.util.DateConverter.parseDate(DateConverter.java:79)
	at com.agiletec.plugins.jpstats.aps.util.CalendarConverter.getCalendarDay(CalendarConverter.java:39)
	at com.agiletec.plugins.jpstats.aps.util.TestCalendarConverter.testGetCalendarDay(TestCalendarConverter.java:31)
	at sun.reflect.NativeMethodAccessorImpl.invoke0(Native Method)
	at sun.reflect.NativeMethodAccessorImpl.invoke(NativeMethodAccessorImpl.java:57)
	at sun.reflect.DelegatingMethodAccessorImpl.invoke(DelegatingMethodAccessorImpl.java:43)
	at java.lang.reflect.Method.invoke(Method.java:606)
	at junit.framework.TestCase.runTest(TestCase.java:168)
	at junit.framework.TestCase.runBare(TestCase.java:134)
	at junit.framework.TestResult$1.protect(TestResult.java:110)
	at junit.framework.TestResult.runProtected(TestResult.java:128)
	at junit.framework.TestResult.run(TestResult.java:113)
	at junit.framework.TestCase.run(TestCase.java:124)
	at junit.framework.TestSuite.runTest(TestSuite.java:243)
	at junit.framework.TestSuite.run(TestSuite.java:238)
	at junit.framework.TestSuite.runTest(TestSuite.java:243)
	at junit.framework.TestSuite.run(TestSuite.java:238)
	at org.junit.internal.runners.JUnit38ClassRunner.run(JUnit38ClassRunner.java:83)
	at org.apache.maven.surefire.junit4.JUnit4Provider.execute(JUnit4Provider.java:236)
	at org.apache.maven.surefire.junit4.JUnit4Provider.executeTestSet(JUnit4Provider.java:134)
	at org.apache.maven.surefire.junit4.JUnit4Provider.invoke(JUnit4Provider.java:113)
	at sun.reflect.NativeMethodAccessorImpl.invoke0(Native Method)
	at sun.reflect.NativeMethodAccessorImpl.invoke(NativeMethodAccessorImpl.java:57)
	at sun.reflect.DelegatingMethodAccessorImpl.invoke(DelegatingMethodAccessorImpl.java:43)
	at java.lang.reflect.Method.invoke(Method.java:606)
	at org.apache.maven.surefire.util.ReflectionUtils.invokeMethodWithArray(ReflectionUtils.java:189)
	at org.apache.maven.surefire.booter.ProviderFactory$ProviderProxy.invoke(ProviderFactory.java:165)
	at org.apache.maven.surefire.booter.ProviderFactory.invokeProvider(ProviderFactory.java:85)
	at org.apache.maven.surefire.booter.ForkedBooter.runSuitesInProcess(ForkedBooter.java:103)
	at org.apache.maven.surefire.booter.ForkedBooter.main(ForkedBooter.java:74)
2014-09-16 15:06:27.535 - ERROR -  com.agiletec.aps.util.DateConverter - Wrong date format detected : aa/bb/cccc
java.text.ParseException: Unparseable date: "aa/bb/cccc"
	at java.text.DateFormat.parse(DateFormat.java:357)
	at com.agiletec.aps.util.DateConverter.parseDate(DateConverter.java:79)
	at com.agiletec.plugins.jpstats.aps.util.CalendarConverter.getCalendarDay(CalendarConverter.java:39)
	at com.agiletec.plugins.jpstats.aps.util.TestCalendarConverter.testGetCalendarDay(TestCalendarConverter.java:31)
	at sun.reflect.NativeMethodAccessorImpl.invoke0(Native Method)
	at sun.reflect.NativeMethodAccessorImpl.invoke(NativeMethodAccessorImpl.java:57)
	at sun.reflect.DelegatingMethodAccessorImpl.invoke(DelegatingMethodAccessorImpl.java:43)
	at java.lang.reflect.Method.invoke(Method.java:606)
	at junit.framework.TestCase.runTest(TestCase.java:168)
	at junit.framework.TestCase.runBare(TestCase.java:134)
	at junit.framework.TestResult$1.protect(TestResult.java:110)
	at junit.framework.TestResult.runProtected(TestResult.java:128)
	at junit.framework.TestResult.run(TestResult.java:113)
	at junit.framework.TestCase.run(TestCase.java:124)
	at junit.framework.TestSuite.runTest(TestSuite.java:243)
	at junit.framework.TestSuite.run(TestSuite.java:238)
	at junit.framework.TestSuite.runTest(TestSuite.java:243)
	at junit.framework.TestSuite.run(TestSuite.java:238)
	at org.junit.internal.runners.JUnit38ClassRunner.run(JUnit38ClassRunner.java:83)
	at org.apache.maven.surefire.junit4.JUnit4Provider.execute(JUnit4Provider.java:236)
	at org.apache.maven.surefire.junit4.JUnit4Provider.executeTestSet(JUnit4Provider.java:134)
	at org.apache.maven.surefire.junit4.JUnit4Provider.invoke(JUnit4Provider.java:113)
	at sun.reflect.NativeMethodAccessorImpl.invoke0(Native Method)
	at sun.reflect.NativeMethodAccessorImpl.invoke(NativeMethodAccessorImpl.java:57)
	at sun.reflect.DelegatingMethodAccessorImpl.invoke(DelegatingMethodAccessorImpl.java:43)
	at java.lang.reflect.Method.invoke(Method.java:606)
	at org.apache.maven.surefire.util.ReflectionUtils.invokeMethodWithArray(ReflectionUtils.java:189)
	at org.apache.maven.surefire.booter.ProviderFactory$ProviderProxy.invoke(ProviderFactory.java:165)
	at org.apache.maven.surefire.booter.ProviderFactory.invokeProvider(ProviderFactory.java:85)
	at org.apache.maven.surefire.booter.ForkedBooter.runSuitesInProcess(ForkedBooter.java:103)
	at org.apache.maven.surefire.booter.ForkedBooter.main(ForkedBooter.java:74)
2014-09-16 15:06:27.535 - ERROR -  com.agiletec.aps.util.DateConverter - Wrong date format detected : aa/bb/cccc
java.text.ParseException: Unparseable date: "aa/bb/cccc"
	at java.text.DateFormat.parse(DateFormat.java:357)
	at com.agiletec.aps.util.DateConverter.parseDate(DateConverter.java:79)
	at com.agiletec.plugins.jpstats.aps.util.CalendarConverter.getCalendarDay(CalendarConverter.java:39)
	at com.agiletec.plugins.jpstats.aps.util.TestCalendarConverter.testGetCalendarDay(TestCalendarConverter.java:31)
	at sun.reflect.NativeMethodAccessorImpl.invoke0(Native Method)
	at sun.reflect.NativeMethodAccessorImpl.invoke(NativeMethodAccessorImpl.java:57)
	at sun.reflect.DelegatingMethodAccessorImpl.invoke(DelegatingMethodAccessorImpl.java:43)
	at java.lang.reflect.Method.invoke(Method.java:606)
	at junit.framework.TestCase.runTest(TestCase.java:168)
	at junit.framework.TestCase.runBare(TestCase.java:134)
	at junit.framework.TestResult$1.protect(TestResult.java:110)
	at junit.framework.TestResult.runProtected(TestResult.java:128)
	at junit.framework.TestResult.run(TestResult.java:113)
	at junit.framework.TestCase.run(TestCase.java:124)
	at junit.framework.TestSuite.runTest(TestSuite.java:243)
	at junit.framework.TestSuite.run(TestSuite.java:238)
	at junit.framework.TestSuite.runTest(TestSuite.java:243)
	at junit.framework.TestSuite.run(TestSuite.java:238)
	at org.junit.internal.runners.JUnit38ClassRunner.run(JUnit38ClassRunner.java:83)
	at org.apache.maven.surefire.junit4.JUnit4Provider.execute(JUnit4Provider.java:236)
	at org.apache.maven.surefire.junit4.JUnit4Provider.executeTestSet(JUnit4Provider.java:134)
	at org.apache.maven.surefire.junit4.JUnit4Provider.invoke(JUnit4Provider.java:113)
	at sun.reflect.NativeMethodAccessorImpl.invoke0(Native Method)
	at sun.reflect.NativeMethodAccessorImpl.invoke(NativeMethodAccessorImpl.java:57)
	at sun.reflect.DelegatingMethodAccessorImpl.invoke(DelegatingMethodAccessorImpl.java:43)
	at java.lang.reflect.Method.invoke(Method.java:606)
	at org.apache.maven.surefire.util.ReflectionUtils.invokeMethodWithArray(ReflectionUtils.java:189)
	at org.apache.maven.surefire.booter.ProviderFactory$ProviderProxy.invoke(ProviderFactory.java:165)
	at org.apache.maven.surefire.booter.ProviderFactory.invokeProvider(ProviderFactory.java:85)
	at org.apache.maven.surefire.booter.ForkedBooter.runSuitesInProcess(ForkedBooter.java:103)
	at org.apache.maven.surefire.booter.ForkedBooter.main(ForkedBooter.java:74)
2014-09-16 15:06:27.535 - ERROR -  com.agiletec.aps.util.DateConverter - Wrong date format detected : aa/bb/cccc
java.text.ParseException: Unparseable date: "aa/bb/cccc"
	at java.text.DateFormat.parse(DateFormat.java:357)
	at com.agiletec.aps.util.DateConverter.parseDate(DateConverter.java:79)
	at com.agiletec.plugins.jpstats.aps.util.CalendarConverter.getCalendarDay(CalendarConverter.java:39)
	at com.agiletec.plugins.jpstats.aps.util.TestCalendarConverter.testGetCalendarDay(TestCalendarConverter.java:31)
	at sun.reflect.NativeMethodAccessorImpl.invoke0(Native Method)
	at sun.reflect.NativeMethodAccessorImpl.invoke(NativeMethodAccessorImpl.java:57)
	at sun.reflect.DelegatingMethodAccessorImpl.invoke(DelegatingMethodAccessorImpl.java:43)
	at java.lang.reflect.Method.invoke(Method.java:606)
	at junit.framework.TestCase.runTest(TestCase.java:168)
	at junit.framework.TestCase.runBare(TestCase.java:134)
	at junit.framework.TestResult$1.protect(TestResult.java:110)
	at junit.framework.TestResult.runProtected(TestResult.java:128)
	at junit.framework.TestResult.run(TestResult.java:113)
	at junit.framework.TestCase.run(TestCase.java:124)
	at junit.framework.TestSuite.runTest(TestSuite.java:243)
	at junit.framework.TestSuite.run(TestSuite.java:238)
	at junit.framework.TestSuite.runTest(TestSuite.java:243)
	at junit.framework.TestSuite.run(TestSuite.java:238)
	at org.junit.internal.runners.JUnit38ClassRunner.run(JUnit38ClassRunner.java:83)
	at org.apache.maven.surefire.junit4.JUnit4Provider.execute(JUnit4Provider.java:236)
	at org.apache.maven.surefire.junit4.JUnit4Provider.executeTestSet(JUnit4Provider.java:134)
	at org.apache.maven.surefire.junit4.JUnit4Provider.invoke(JUnit4Provider.java:113)
	at sun.reflect.NativeMethodAccessorImpl.invoke0(Native Method)
	at sun.reflect.NativeMethodAccessorImpl.invoke(NativeMethodAccessorImpl.java:57)
	at sun.reflect.DelegatingMethodAccessorImpl.invoke(DelegatingMethodAccessorImpl.java:43)
	at java.lang.reflect.Method.invoke(Method.java:606)
	at org.apache.maven.surefire.util.ReflectionUtils.invokeMethodWithArray(ReflectionUtils.java:189)
	at org.apache.maven.surefire.booter.ProviderFactory$ProviderProxy.invoke(ProviderFactory.java:165)
	at org.apache.maven.surefire.booter.ProviderFactory.invokeProvider(ProviderFactory.java:85)
	at org.apache.maven.surefire.booter.ForkedBooter.runSuitesInProcess(ForkedBooter.java:103)
	at org.apache.maven.surefire.booter.ForkedBooter.main(ForkedBooter.java:74)
2014-09-16 15:06:27.535 - ERROR -  com.agiletec.aps.util.DateConverter - Wrong date format detected : aa/bb/cccc
java.text.ParseException: Unparseable date: "aa/bb/cccc"
	at java.text.DateFormat.parse(DateFormat.java:357)
	at com.agiletec.aps.util.DateConverter.parseDate(DateConverter.java:79)
	at com.agiletec.plugins.jpstats.aps.util.CalendarConverter.getCalendarDay(CalendarConverter.java:39)
	at com.agiletec.plugins.jpstats.aps.util.TestCalendarConverter.testGetCalendarDay(TestCalendarConverter.java:31)
	at sun.reflect.NativeMethodAccessorImpl.invoke0(Native Method)
	at sun.reflect.NativeMethodAccessorImpl.invoke(NativeMethodAccessorImpl.java:57)
	at sun.reflect.DelegatingMethodAccessorImpl.invoke(DelegatingMethodAccessorImpl.java:43)
	at java.lang.reflect.Method.invoke(Method.java:606)
	at junit.framework.TestCase.runTest(TestCase.java:168)
	at junit.framework.TestCase.runBare(TestCase.java:134)
	at junit.framework.TestResult$1.protect(TestResult.java:110)
	at junit.framework.TestResult.runProtected(TestResult.java:128)
	at junit.framework.TestResult.run(TestResult.java:113)
	at junit.framework.TestCase.run(TestCase.java:124)
	at junit.framework.TestSuite.runTest(TestSuite.java:243)
	at junit.framework.TestSuite.run(TestSuite.java:238)
	at junit.framework.TestSuite.runTest(TestSuite.java:243)
	at junit.framework.TestSuite.run(TestSuite.java:238)
	at org.junit.internal.runners.JUnit38ClassRunner.run(JUnit38ClassRunner.java:83)
	at org.apache.maven.surefire.junit4.JUnit4Provider.execute(JUnit4Provider.java:236)
	at org.apache.maven.surefire.junit4.JUnit4Provider.executeTestSet(JUnit4Provider.java:134)
	at org.apache.maven.surefire.junit4.JUnit4Provider.invoke(JUnit4Provider.java:113)
	at sun.reflect.NativeMethodAccessorImpl.invoke0(Native Method)
	at sun.reflect.NativeMethodAccessorImpl.invoke(NativeMethodAccessorImpl.java:57)
	at sun.reflect.DelegatingMethodAccessorImpl.invoke(DelegatingMethodAccessorImpl.java:43)
	at java.lang.reflect.Method.invoke(Method.java:606)
	at org.apache.maven.surefire.util.ReflectionUtils.invokeMethodWithArray(ReflectionUtils.java:189)
	at org.apache.maven.surefire.booter.ProviderFactory$ProviderProxy.invoke(ProviderFactory.java:165)
	at org.apache.maven.surefire.booter.ProviderFactory.invokeProvider(ProviderFactory.java:85)
	at org.apache.maven.surefire.booter.ForkedBooter.runSuitesInProcess(ForkedBooter.java:103)
	at org.apache.maven.surefire.booter.ForkedBooter.main(ForkedBooter.java:74)
2014-09-16 15:06:27.535 - ERROR -  com.agiletec.aps.util.DateConverter - Wrong date format detected : aa/bb/cccc
java.text.ParseException: Unparseable date: "aa/bb/cccc"
	at java.text.DateFormat.parse(DateFormat.java:357)
	at com.agiletec.aps.util.DateConverter.parseDate(DateConverter.java:79)
	at com.agiletec.plugins.jpstats.aps.util.CalendarConverter.getCalendarDay(CalendarConverter.java:39)
	at com.agiletec.plugins.jpstats.aps.util.TestCalendarConverter.testGetCalendarDay(TestCalendarConverter.java:31)
	at sun.reflect.NativeMethodAccessorImpl.invoke0(Native Method)
	at sun.reflect.NativeMethodAccessorImpl.invoke(NativeMethodAccessorImpl.java:57)
	at sun.reflect.DelegatingMethodAccessorImpl.invoke(DelegatingMethodAccessorImpl.java:43)
	at java.lang.reflect.Method.invoke(Method.java:606)
	at junit.framework.TestCase.runTest(TestCase.java:168)
	at junit.framework.TestCase.runBare(TestCase.java:134)
	at junit.framework.TestResult$1.protect(TestResult.java:110)
	at junit.framework.TestResult.runProtected(TestResult.java:128)
	at junit.framework.TestResult.run(TestResult.java:113)
	at junit.framework.TestCase.run(TestCase.java:124)
	at junit.framework.TestSuite.runTest(TestSuite.java:243)
	at junit.framework.TestSuite.run(TestSuite.java:238)
	at junit.framework.TestSuite.runTest(TestSuite.java:243)
	at junit.framework.TestSuite.run(TestSuite.java:238)
	at org.junit.internal.runners.JUnit38ClassRunner.run(JUnit38ClassRunner.java:83)
	at org.apache.maven.surefire.junit4.JUnit4Provider.execute(JUnit4Provider.java:236)
	at org.apache.maven.surefire.junit4.JUnit4Provider.executeTestSet(JUnit4Provider.java:134)
	at org.apache.maven.surefire.junit4.JUnit4Provider.invoke(JUnit4Provider.java:113)
	at sun.reflect.NativeMethodAccessorImpl.invoke0(Native Method)
	at sun.reflect.NativeMethodAccessorImpl.invoke(NativeMethodAccessorImpl.java:57)
	at sun.reflect.DelegatingMethodAccessorImpl.invoke(DelegatingMethodAccessorImpl.java:43)
	at java.lang.reflect.Method.invoke(Method.java:606)
	at org.apache.maven.surefire.util.ReflectionUtils.invokeMethodWithArray(ReflectionUtils.java:189)
	at org.apache.maven.surefire.booter.ProviderFactory$ProviderProxy.invoke(ProviderFactory.java:165)
	at org.apache.maven.surefire.booter.ProviderFactory.invokeProvider(ProviderFactory.java:85)
	at org.apache.maven.surefire.booter.ForkedBooter.runSuitesInProcess(ForkedBooter.java:103)
	at org.apache.maven.surefire.booter.ForkedBooter.main(ForkedBooter.java:74)
2014-09-16 15:06:27.535 - ERROR -  com.agiletec.aps.util.DateConverter - Wrong date format detected : aa/bb/cccc
java.text.ParseException: Unparseable date: "aa/bb/cccc"
	at java.text.DateFormat.parse(DateFormat.java:357)
	at com.agiletec.aps.util.DateConverter.parseDate(DateConverter.java:79)
	at com.agiletec.plugins.jpstats.aps.util.CalendarConverter.getCalendarDay(CalendarConverter.java:39)
	at com.agiletec.plugins.jpstats.aps.util.TestCalendarConverter.testGetCalendarDay(TestCalendarConverter.java:31)
	at sun.reflect.NativeMethodAccessorImpl.invoke0(Native Method)
	at sun.reflect.NativeMethodAccessorImpl.invoke(NativeMethodAccessorImpl.java:57)
	at sun.reflect.DelegatingMethodAccessorImpl.invoke(DelegatingMethodAccessorImpl.java:43)
	at java.lang.reflect.Method.invoke(Method.java:606)
	at junit.framework.TestCase.runTest(TestCase.java:168)
	at junit.framework.TestCase.runBare(TestCase.java:134)
	at junit.framework.TestResult$1.protect(TestResult.java:110)
	at junit.framework.TestResult.runProtected(TestResult.java:128)
	at junit.framework.TestResult.run(TestResult.java:113)
	at junit.framework.TestCase.run(TestCase.java:124)
	at junit.framework.TestSuite.runTest(TestSuite.java:243)
	at junit.framework.TestSuite.run(TestSuite.java:238)
	at junit.framework.TestSuite.runTest(TestSuite.java:243)
	at junit.framework.TestSuite.run(TestSuite.java:238)
	at org.junit.internal.runners.JUnit38ClassRunner.run(JUnit38ClassRunner.java:83)
	at org.apache.maven.surefire.junit4.JUnit4Provider.execute(JUnit4Provider.java:236)
	at org.apache.maven.surefire.junit4.JUnit4Provider.executeTestSet(JUnit4Provider.java:134)
	at org.apache.maven.surefire.junit4.JUnit4Provider.invoke(JUnit4Provider.java:113)
	at sun.reflect.NativeMethodAccessorImpl.invoke0(Native Method)
	at sun.reflect.NativeMethodAccessorImpl.invoke(NativeMethodAccessorImpl.java:57)
	at sun.reflect.DelegatingMethodAccessorImpl.invoke(DelegatingMethodAccessorImpl.java:43)
	at java.lang.reflect.Method.invoke(Method.java:606)
	at org.apache.maven.surefire.util.ReflectionUtils.invokeMethodWithArray(ReflectionUtils.java:189)
	at org.apache.maven.surefire.booter.ProviderFactory$ProviderProxy.invoke(ProviderFactory.java:165)
	at org.apache.maven.surefire.booter.ProviderFactory.invokeProvider(ProviderFactory.java:85)
	at org.apache.maven.surefire.booter.ForkedBooter.runSuitesInProcess(ForkedBooter.java:103)
	at org.apache.maven.surefire.booter.ForkedBooter.main(ForkedBooter.java:74)
